2024-07-28 04:35:35,455 INFO:Starting main script
2024-07-28 04:35:35,455 INFO:Fetching ETF symbols using yfinance
2024-07-28 04:35:35,455 INFO:ETF symbols fetched successfully
2024-07-28 04:35:35,455 INFO:Fetching data for symbols using yfinance: ['SPY', 'IVV', 'VOO', 'QQQ', 'DIA', 'IWM', 'VNQ', 'GLD', 'XLK', 'EZU', 'MCHI', 'VGK', 'FXI', 'LIT', '^GDAXI']
2024-07-28 04:35:35,455 DEBUG:Entering download()
2024-07-28 04:35:35,455 DEBUG:Disabling multithreading because DEBUG logging enabled
2024-07-28 04:35:35,455 DEBUG: Entering history()
2024-07-28 04:35:35,458 DEBUG:('CREATE TABLE IF NOT EXISTS "_kv" ("key" VARCHAR(255) NOT NULL PRIMARY KEY, "value" VARCHAR(255)) WITHOUT ROWID', [])
2024-07-28 04:35:35,458 DEBUG:('SELECT "t1"."key", "t1"."value" FROM "_kv" AS "t1" WHERE ("t1"."key" = ?) LIMIT ? OFFSET ?', ['VOO', 1, 0])
2024-07-28 04:35:35,474 DEBUG:  Entering history()
2024-07-28 04:35:35,474 DEBUG:VOO: Yahoo GET parameters: {'range': '5d', 'interval': '1d', 'includePrePost': False, 'events': 'div,splits,capitalGains'}
2024-07-28 04:35:35,474 DEBUG:   Entering get()
2024-07-28 04:35:35,474 DEBUG:url=https://query2.finance.yahoo.com/v8/finance/chart/VOO
2024-07-28 04:35:35,474 DEBUG:params={'range': '5d', 'interval': '1d', 'includePrePost': False, 'events': 'div,splits,capitalGains'}
2024-07-28 04:35:35,474 DEBUG:    Entering _get_cookie_and_crumb()
2024-07-28 04:35:35,474 DEBUG:cookie_mode = 'basic'
2024-07-28 04:35:35,474 DEBUG:     Entering _get_cookie_and_crumb_basic()
2024-07-28 04:35:35,475 DEBUG:('CREATE TABLE IF NOT EXISTS "_cookieschema" ("strategy" VARCHAR(255) NOT NULL PRIMARY KEY, "fetch_date" DATETIME NOT NULL, "cookie_bytes" BLOB NOT NULL) WITHOUT ROWID', [])
2024-07-28 04:35:35,475 DEBUG:('SELECT "t1"."strategy", "t1"."fetch_date", "t1"."cookie_bytes" FROM "_cookieschema" AS "t1" WHERE ("t1"."strategy" = ?) LIMIT ? OFFSET ?', ['basic', 1, 0])
2024-07-28 04:35:35,475 DEBUG:loaded persistent cookie
2024-07-28 04:35:35,475 DEBUG:reusing cookie
2024-07-28 04:35:35,479 DEBUG:Starting new HTTPS connection (1): query1.finance.yahoo.com:443
2024-07-28 04:35:35,550 DEBUG:https://query1.finance.yahoo.com:443 "GET /v1/test/getcrumb HTTP/11" 200 11
2024-07-28 04:35:35,550 DEBUG:crumb = 'ugxiv6L7VQC'
2024-07-28 04:35:35,550 DEBUG:     Exiting _get_cookie_and_crumb_basic()
2024-07-28 04:35:35,550 DEBUG:    Exiting _get_cookie_and_crumb()
2024-07-28 04:35:35,551 DEBUG:Starting new HTTPS connection (1): query2.finance.yahoo.com:443
2024-07-28 04:35:35,632 DEBUG:https://query2.finance.yahoo.com:443 "GET /v8/finance/chart/VOO?range=5d&interval=1d&includePrePost=False&events=div%2Csplits%2CcapitalGains&crumb=ugxiv6L7VQC HTTP/11" 200 1580
2024-07-28 04:35:35,633 DEBUG:response code=200
2024-07-28 04:35:35,633 DEBUG:   Exiting get()
2024-07-28 04:35:35,634 DEBUG:VOO: yfinance received OHLC data: 2024-07-22 13:30:00 -> 2024-07-26 13:30:00
2024-07-28 04:35:35,636 DEBUG:VOO: OHLC after cleaning: 2024-07-22 09:30:00-04:00 -> 2024-07-26 09:30:00-04:00
2024-07-28 04:35:35,638 DEBUG:VOO: OHLC after combining events: 2024-07-22 00:00:00-04:00 -> 2024-07-26 00:00:00-04:00
2024-07-28 04:35:35,639 DEBUG:VOO: yfinance returning OHLC: 2024-07-22 00:00:00-04:00 -> 2024-07-26 00:00:00-04:00
2024-07-28 04:35:35,639 DEBUG:  Exiting history()
2024-07-28 04:35:35,639 DEBUG: Exiting history()
2024-07-28 04:35:35,640 DEBUG: Entering history()
2024-07-28 04:35:35,640 DEBUG:('SELECT "t1"."key", "t1"."value" FROM "_kv" AS "t1" WHERE ("t1"."key" = ?) LIMIT ? OFFSET ?', ['VGK', 1, 0])
2024-07-28 04:35:35,640 DEBUG:  Entering history()
2024-07-28 04:35:35,640 DEBUG:VGK: Yahoo GET parameters: {'range': '5d', 'interval': '1d', 'includePrePost': False, 'events': 'div,splits,capitalGains'}
2024-07-28 04:35:35,640 DEBUG:   Entering get()
2024-07-28 04:35:35,640 DEBUG:url=https://query2.finance.yahoo.com/v8/finance/chart/VGK
2024-07-28 04:35:35,640 DEBUG:params={'range': '5d', 'interval': '1d', 'includePrePost': False, 'events': 'div,splits,capitalGains'}
2024-07-28 04:35:35,640 DEBUG:    Entering _get_cookie_and_crumb()
2024-07-28 04:35:35,640 DEBUG:cookie_mode = 'basic'
2024-07-28 04:35:35,640 DEBUG:     Entering _get_cookie_and_crumb_basic()
2024-07-28 04:35:35,640 DEBUG:reusing cookie
2024-07-28 04:35:35,640 DEBUG:reusing crumb
2024-07-28 04:35:35,640 DEBUG:     Exiting _get_cookie_and_crumb_basic()
2024-07-28 04:35:35,640 DEBUG:    Exiting _get_cookie_and_crumb()
2024-07-28 04:35:35,693 DEBUG:https://query2.finance.yahoo.com:443 "GET /v8/finance/chart/VGK?range=5d&interval=1d&includePrePost=False&events=div%2Csplits%2CcapitalGains&crumb=ugxiv6L7VQC HTTP/11" 200 1515
2024-07-28 04:35:35,694 DEBUG:response code=200
2024-07-28 04:35:35,694 DEBUG:   Exiting get()
2024-07-28 04:35:35,695 DEBUG:VGK: yfinance received OHLC data: 2024-07-22 13:30:00 -> 2024-07-26 13:30:00
2024-07-28 04:35:35,696 DEBUG:VGK: OHLC after cleaning: 2024-07-22 09:30:00-04:00 -> 2024-07-26 09:30:00-04:00
2024-07-28 04:35:35,698 DEBUG:VGK: OHLC after combining events: 2024-07-22 00:00:00-04:00 -> 2024-07-26 00:00:00-04:00
2024-07-28 04:35:35,700 DEBUG:VGK: yfinance returning OHLC: 2024-07-22 00:00:00-04:00 -> 2024-07-26 00:00:00-04:00
2024-07-28 04:35:35,700 DEBUG:  Exiting history()
2024-07-28 04:35:35,700 DEBUG: Exiting history()
2024-07-28 04:35:35,700 DEBUG: Entering history()
2024-07-28 04:35:35,700 DEBUG:('SELECT "t1"."key", "t1"."value" FROM "_kv" AS "t1" WHERE ("t1"."key" = ?) LIMIT ? OFFSET ?', ['SPY', 1, 0])
2024-07-28 04:35:35,700 DEBUG:  Entering history()
2024-07-28 04:35:35,700 DEBUG:SPY: Yahoo GET parameters: {'range': '5d', 'interval': '1d', 'includePrePost': False, 'events': 'div,splits,capitalGains'}
2024-07-28 04:35:35,701 DEBUG:   Entering get()
2024-07-28 04:35:35,701 DEBUG:url=https://query2.finance.yahoo.com/v8/finance/chart/SPY
2024-07-28 04:35:35,701 DEBUG:params={'range': '5d', 'interval': '1d', 'includePrePost': False, 'events': 'div,splits,capitalGains'}
2024-07-28 04:35:35,701 DEBUG:    Entering _get_cookie_and_crumb()
2024-07-28 04:35:35,701 DEBUG:cookie_mode = 'basic'
2024-07-28 04:35:35,701 DEBUG:     Entering _get_cookie_and_crumb_basic()
2024-07-28 04:35:35,701 DEBUG:reusing cookie
2024-07-28 04:35:35,701 DEBUG:reusing crumb
2024-07-28 04:35:35,701 DEBUG:     Exiting _get_cookie_and_crumb_basic()
2024-07-28 04:35:35,701 DEBUG:    Exiting _get_cookie_and_crumb()
2024-07-28 04:35:35,773 DEBUG:https://query2.finance.yahoo.com:443 "GET /v8/finance/chart/SPY?range=5d&interval=1d&includePrePost=False&events=div%2Csplits%2CcapitalGains&crumb=ugxiv6L7VQC HTTP/11" 200 1550
2024-07-28 04:35:35,773 DEBUG:response code=200
2024-07-28 04:35:35,774 DEBUG:   Exiting get()
2024-07-28 04:35:35,775 DEBUG:SPY: yfinance received OHLC data: 2024-07-22 13:30:00 -> 2024-07-26 13:30:00
2024-07-28 04:35:35,777 DEBUG:SPY: OHLC after cleaning: 2024-07-22 09:30:00-04:00 -> 2024-07-26 09:30:00-04:00
2024-07-28 04:35:35,779 DEBUG:SPY: OHLC after combining events: 2024-07-22 00:00:00-04:00 -> 2024-07-26 00:00:00-04:00
2024-07-28 04:35:35,781 DEBUG:SPY: yfinance returning OHLC: 2024-07-22 00:00:00-04:00 -> 2024-07-26 00:00:00-04:00
2024-07-28 04:35:35,781 DEBUG:  Exiting history()
2024-07-28 04:35:35,781 DEBUG: Exiting history()
2024-07-28 04:35:35,781 DEBUG: Entering history()
2024-07-28 04:35:35,781 DEBUG:('SELECT "t1"."key", "t1"."value" FROM "_kv" AS "t1" WHERE ("t1"."key" = ?) LIMIT ? OFFSET ?', ['GLD', 1, 0])
2024-07-28 04:35:35,781 DEBUG:  Entering history()
2024-07-28 04:35:35,781 DEBUG:GLD: Yahoo GET parameters: {'range': '5d', 'interval': '1d', 'includePrePost': False, 'events': 'div,splits,capitalGains'}
2024-07-28 04:35:35,781 DEBUG:   Entering get()
2024-07-28 04:35:35,781 DEBUG:url=https://query2.finance.yahoo.com/v8/finance/chart/GLD
2024-07-28 04:35:35,781 DEBUG:params={'range': '5d', 'interval': '1d', 'includePrePost': False, 'events': 'div,splits,capitalGains'}
2024-07-28 04:35:35,781 DEBUG:    Entering _get_cookie_and_crumb()
2024-07-28 04:35:35,781 DEBUG:cookie_mode = 'basic'
2024-07-28 04:35:35,781 DEBUG:     Entering _get_cookie_and_crumb_basic()
2024-07-28 04:35:35,781 DEBUG:reusing cookie
2024-07-28 04:35:35,781 DEBUG:reusing crumb
2024-07-28 04:35:35,782 DEBUG:     Exiting _get_cookie_and_crumb_basic()
2024-07-28 04:35:35,782 DEBUG:    Exiting _get_cookie_and_crumb()
2024-07-28 04:35:35,820 DEBUG:https://query2.finance.yahoo.com:443 "GET /v8/finance/chart/GLD?range=5d&interval=1d&includePrePost=False&events=div%2Csplits%2CcapitalGains&crumb=ugxiv6L7VQC HTTP/11" 200 1566
2024-07-28 04:35:35,820 DEBUG:response code=200
2024-07-28 04:35:35,820 DEBUG:   Exiting get()
2024-07-28 04:35:35,822 DEBUG:GLD: yfinance received OHLC data: 2024-07-22 13:30:00 -> 2024-07-26 13:30:00
2024-07-28 04:35:35,823 DEBUG:GLD: OHLC after cleaning: 2024-07-22 09:30:00-04:00 -> 2024-07-26 09:30:00-04:00
2024-07-28 04:35:35,825 DEBUG:GLD: OHLC after combining events: 2024-07-22 00:00:00-04:00 -> 2024-07-26 00:00:00-04:00
2024-07-28 04:35:35,827 DEBUG:GLD: yfinance returning OHLC: 2024-07-22 00:00:00-04:00 -> 2024-07-26 00:00:00-04:00
2024-07-28 04:35:35,827 DEBUG:  Exiting history()
2024-07-28 04:35:35,827 DEBUG: Exiting history()
2024-07-28 04:35:35,827 DEBUG: Entering history()
2024-07-28 04:35:35,827 DEBUG:('SELECT "t1"."key", "t1"."value" FROM "_kv" AS "t1" WHERE ("t1"."key" = ?) LIMIT ? OFFSET ?', ['LIT', 1, 0])
2024-07-28 04:35:35,827 DEBUG:  Entering history()
2024-07-28 04:35:35,827 DEBUG:LIT: Yahoo GET parameters: {'range': '5d', 'interval': '1d', 'includePrePost': False, 'events': 'div,splits,capitalGains'}
2024-07-28 04:35:35,827 DEBUG:   Entering get()
2024-07-28 04:35:35,827 DEBUG:url=https://query2.finance.yahoo.com/v8/finance/chart/LIT
2024-07-28 04:35:35,827 DEBUG:params={'range': '5d', 'interval': '1d', 'includePrePost': False, 'events': 'div,splits,capitalGains'}
2024-07-28 04:35:35,827 DEBUG:    Entering _get_cookie_and_crumb()
2024-07-28 04:35:35,827 DEBUG:cookie_mode = 'basic'
2024-07-28 04:35:35,827 DEBUG:     Entering _get_cookie_and_crumb_basic()
2024-07-28 04:35:35,827 DEBUG:reusing cookie
2024-07-28 04:35:35,828 DEBUG:reusing crumb
2024-07-28 04:35:35,828 DEBUG:     Exiting _get_cookie_and_crumb_basic()
2024-07-28 04:35:35,828 DEBUG:    Exiting _get_cookie_and_crumb()
2024-07-28 04:35:35,879 DEBUG:https://query2.finance.yahoo.com:443 "GET /v8/finance/chart/LIT?range=5d&interval=1d&includePrePost=False&events=div%2Csplits%2CcapitalGains&crumb=ugxiv6L7VQC HTTP/11" 200 1555
2024-07-28 04:35:35,880 DEBUG:response code=200
2024-07-28 04:35:35,880 DEBUG:   Exiting get()
2024-07-28 04:35:35,882 DEBUG:LIT: yfinance received OHLC data: 2024-07-22 13:30:00 -> 2024-07-26 13:30:00
2024-07-28 04:35:35,883 DEBUG:LIT: OHLC after cleaning: 2024-07-22 09:30:00-04:00 -> 2024-07-26 09:30:00-04:00
2024-07-28 04:35:35,886 DEBUG:LIT: OHLC after combining events: 2024-07-22 00:00:00-04:00 -> 2024-07-26 00:00:00-04:00
2024-07-28 04:35:35,888 DEBUG:LIT: yfinance returning OHLC: 2024-07-22 00:00:00-04:00 -> 2024-07-26 00:00:00-04:00
2024-07-28 04:35:35,888 DEBUG:  Exiting history()
2024-07-28 04:35:35,888 DEBUG: Exiting history()
2024-07-28 04:35:35,888 DEBUG: Entering history()
2024-07-28 04:35:35,888 DEBUG:('SELECT "t1"."key", "t1"."value" FROM "_kv" AS "t1" WHERE ("t1"."key" = ?) LIMIT ? OFFSET ?', ['DIA', 1, 0])
2024-07-28 04:35:35,889 DEBUG:  Entering history()
2024-07-28 04:35:35,889 DEBUG:DIA: Yahoo GET parameters: {'range': '5d', 'interval': '1d', 'includePrePost': False, 'events': 'div,splits,capitalGains'}
2024-07-28 04:35:35,889 DEBUG:   Entering get()
2024-07-28 04:35:35,889 DEBUG:url=https://query2.finance.yahoo.com/v8/finance/chart/DIA
2024-07-28 04:35:35,889 DEBUG:params={'range': '5d', 'interval': '1d', 'includePrePost': False, 'events': 'div,splits,capitalGains'}
2024-07-28 04:35:35,889 DEBUG:    Entering _get_cookie_and_crumb()
2024-07-28 04:35:35,889 DEBUG:cookie_mode = 'basic'
2024-07-28 04:35:35,889 DEBUG:     Entering _get_cookie_and_crumb_basic()
2024-07-28 04:35:35,889 DEBUG:reusing cookie
2024-07-28 04:35:35,889 DEBUG:reusing crumb
2024-07-28 04:35:35,889 DEBUG:     Exiting _get_cookie_and_crumb_basic()
2024-07-28 04:35:35,889 DEBUG:    Exiting _get_cookie_and_crumb()
2024-07-28 04:35:35,961 DEBUG:https://query2.finance.yahoo.com:443 "GET /v8/finance/chart/DIA?range=5d&interval=1d&includePrePost=False&events=div%2Csplits%2CcapitalGains&crumb=ugxiv6L7VQC HTTP/11" 200 1569
2024-07-28 04:35:35,962 DEBUG:response code=200
2024-07-28 04:35:35,962 DEBUG:   Exiting get()
2024-07-28 04:35:35,963 DEBUG:DIA: yfinance received OHLC data: 2024-07-22 13:30:00 -> 2024-07-26 13:30:00
2024-07-28 04:35:35,965 DEBUG:DIA: OHLC after cleaning: 2024-07-22 09:30:00-04:00 -> 2024-07-26 09:30:00-04:00
2024-07-28 04:35:35,967 DEBUG:DIA: OHLC after combining events: 2024-07-22 00:00:00-04:00 -> 2024-07-26 00:00:00-04:00
2024-07-28 04:35:35,970 DEBUG:DIA: yfinance returning OHLC: 2024-07-22 00:00:00-04:00 -> 2024-07-26 00:00:00-04:00
2024-07-28 04:35:35,970 DEBUG:  Exiting history()
2024-07-28 04:35:35,970 DEBUG: Exiting history()
2024-07-28 04:35:35,971 DEBUG: Entering history()
2024-07-28 04:35:35,971 DEBUG:('SELECT "t1"."key", "t1"."value" FROM "_kv" AS "t1" WHERE ("t1"."key" = ?) LIMIT ? OFFSET ?', ['IWM', 1, 0])
2024-07-28 04:35:35,971 DEBUG:  Entering history()
2024-07-28 04:35:35,971 DEBUG:IWM: Yahoo GET parameters: {'range': '5d', 'interval': '1d', 'includePrePost': False, 'events': 'div,splits,capitalGains'}
2024-07-28 04:35:35,971 DEBUG:   Entering get()
2024-07-28 04:35:35,971 DEBUG:url=https://query2.finance.yahoo.com/v8/finance/chart/IWM
2024-07-28 04:35:35,971 DEBUG:params={'range': '5d', 'interval': '1d', 'includePrePost': False, 'events': 'div,splits,capitalGains'}
2024-07-28 04:35:35,971 DEBUG:    Entering _get_cookie_and_crumb()
2024-07-28 04:35:35,971 DEBUG:cookie_mode = 'basic'
2024-07-28 04:35:35,972 DEBUG:     Entering _get_cookie_and_crumb_basic()
2024-07-28 04:35:35,972 DEBUG:reusing cookie
2024-07-28 04:35:35,972 DEBUG:reusing crumb
2024-07-28 04:35:35,972 DEBUG:     Exiting _get_cookie_and_crumb_basic()
2024-07-28 04:35:35,972 DEBUG:    Exiting _get_cookie_and_crumb()
2024-07-28 04:35:36,039 DEBUG:https://query2.finance.yahoo.com:443 "GET /v8/finance/chart/IWM?range=5d&interval=1d&includePrePost=False&events=div%2Csplits%2CcapitalGains&crumb=ugxiv6L7VQC HTTP/11" 200 1577
2024-07-28 04:35:36,040 DEBUG:response code=200
2024-07-28 04:35:36,040 DEBUG:   Exiting get()
2024-07-28 04:35:36,042 DEBUG:IWM: yfinance received OHLC data: 2024-07-22 13:30:00 -> 2024-07-26 13:30:00
2024-07-28 04:35:36,043 DEBUG:IWM: OHLC after cleaning: 2024-07-22 09:30:00-04:00 -> 2024-07-26 09:30:00-04:00
2024-07-28 04:35:36,046 DEBUG:IWM: OHLC after combining events: 2024-07-22 00:00:00-04:00 -> 2024-07-26 00:00:00-04:00
2024-07-28 04:35:36,049 DEBUG:IWM: yfinance returning OHLC: 2024-07-22 00:00:00-04:00 -> 2024-07-26 00:00:00-04:00
2024-07-28 04:35:36,049 DEBUG:  Exiting history()
2024-07-28 04:35:36,049 DEBUG: Exiting history()
2024-07-28 04:35:36,049 DEBUG: Entering history()
2024-07-28 04:35:36,050 DEBUG:('SELECT "t1"."key", "t1"."value" FROM "_kv" AS "t1" WHERE ("t1"."key" = ?) LIMIT ? OFFSET ?', ['XLK', 1, 0])
2024-07-28 04:35:36,050 DEBUG:  Entering history()
2024-07-28 04:35:36,050 DEBUG:XLK: Yahoo GET parameters: {'range': '5d', 'interval': '1d', 'includePrePost': False, 'events': 'div,splits,capitalGains'}
2024-07-28 04:35:36,050 DEBUG:   Entering get()
2024-07-28 04:35:36,050 DEBUG:url=https://query2.finance.yahoo.com/v8/finance/chart/XLK
2024-07-28 04:35:36,050 DEBUG:params={'range': '5d', 'interval': '1d', 'includePrePost': False, 'events': 'div,splits,capitalGains'}
2024-07-28 04:35:36,050 DEBUG:    Entering _get_cookie_and_crumb()
2024-07-28 04:35:36,050 DEBUG:cookie_mode = 'basic'
2024-07-28 04:35:36,050 DEBUG:     Entering _get_cookie_and_crumb_basic()
2024-07-28 04:35:36,051 DEBUG:reusing cookie
2024-07-28 04:35:36,051 DEBUG:reusing crumb
2024-07-28 04:35:36,051 DEBUG:     Exiting _get_cookie_and_crumb_basic()
2024-07-28 04:35:36,051 DEBUG:    Exiting _get_cookie_and_crumb()
2024-07-28 04:35:36,119 DEBUG:https://query2.finance.yahoo.com:443 "GET /v8/finance/chart/XLK?range=5d&interval=1d&includePrePost=False&events=div%2Csplits%2CcapitalGains&crumb=ugxiv6L7VQC HTTP/11" 200 1571
2024-07-28 04:35:36,119 DEBUG:response code=200
2024-07-28 04:35:36,119 DEBUG:   Exiting get()
2024-07-28 04:35:36,120 DEBUG:XLK: yfinance received OHLC data: 2024-07-22 13:30:00 -> 2024-07-26 13:30:00
2024-07-28 04:35:36,121 DEBUG:XLK: OHLC after cleaning: 2024-07-22 09:30:00-04:00 -> 2024-07-26 09:30:00-04:00
2024-07-28 04:35:36,123 DEBUG:XLK: OHLC after combining events: 2024-07-22 00:00:00-04:00 -> 2024-07-26 00:00:00-04:00
2024-07-28 04:35:36,125 DEBUG:XLK: yfinance returning OHLC: 2024-07-22 00:00:00-04:00 -> 2024-07-26 00:00:00-04:00
2024-07-28 04:35:36,125 DEBUG:  Exiting history()
2024-07-28 04:35:36,125 DEBUG: Exiting history()
2024-07-28 04:35:36,125 DEBUG: Entering history()
2024-07-28 04:35:36,125 DEBUG:('SELECT "t1"."key", "t1"."value" FROM "_kv" AS "t1" WHERE ("t1"."key" = ?) LIMIT ? OFFSET ?', ['IVV', 1, 0])
2024-07-28 04:35:36,125 DEBUG:  Entering history()
2024-07-28 04:35:36,125 DEBUG:IVV: Yahoo GET parameters: {'range': '5d', 'interval': '1d', 'includePrePost': False, 'events': 'div,splits,capitalGains'}
2024-07-28 04:35:36,125 DEBUG:   Entering get()
2024-07-28 04:35:36,125 DEBUG:url=https://query2.finance.yahoo.com/v8/finance/chart/IVV
2024-07-28 04:35:36,125 DEBUG:params={'range': '5d', 'interval': '1d', 'includePrePost': False, 'events': 'div,splits,capitalGains'}
2024-07-28 04:35:36,125 DEBUG:    Entering _get_cookie_and_crumb()
2024-07-28 04:35:36,125 DEBUG:cookie_mode = 'basic'
2024-07-28 04:35:36,125 DEBUG:     Entering _get_cookie_and_crumb_basic()
2024-07-28 04:35:36,125 DEBUG:reusing cookie
2024-07-28 04:35:36,125 DEBUG:reusing crumb
2024-07-28 04:35:36,125 DEBUG:     Exiting _get_cookie_and_crumb_basic()
2024-07-28 04:35:36,125 DEBUG:    Exiting _get_cookie_and_crumb()
2024-07-28 04:35:36,188 DEBUG:https://query2.finance.yahoo.com:443 "GET /v8/finance/chart/IVV?range=5d&interval=1d&includePrePost=False&events=div%2Csplits%2CcapitalGains&crumb=ugxiv6L7VQC HTTP/11" 200 1563
2024-07-28 04:35:36,189 DEBUG:response code=200
2024-07-28 04:35:36,189 DEBUG:   Exiting get()
2024-07-28 04:35:36,190 DEBUG:IVV: yfinance received OHLC data: 2024-07-22 13:30:00 -> 2024-07-26 13:30:00
2024-07-28 04:35:36,191 DEBUG:IVV: OHLC after cleaning: 2024-07-22 09:30:00-04:00 -> 2024-07-26 09:30:00-04:00
2024-07-28 04:35:36,193 DEBUG:IVV: OHLC after combining events: 2024-07-22 00:00:00-04:00 -> 2024-07-26 00:00:00-04:00
2024-07-28 04:35:36,195 DEBUG:IVV: yfinance returning OHLC: 2024-07-22 00:00:00-04:00 -> 2024-07-26 00:00:00-04:00
2024-07-28 04:35:36,195 DEBUG:  Exiting history()
2024-07-28 04:35:36,195 DEBUG: Exiting history()
2024-07-28 04:35:36,195 DEBUG: Entering history()
2024-07-28 04:35:36,195 DEBUG:('SELECT "t1"."key", "t1"."value" FROM "_kv" AS "t1" WHERE ("t1"."key" = ?) LIMIT ? OFFSET ?', ['^GDAXI', 1, 0])
2024-07-28 04:35:36,196 DEBUG:  Entering history()
2024-07-28 04:35:36,196 DEBUG:^GDAXI: Yahoo GET parameters: {'range': '5d', 'interval': '1d', 'includePrePost': False, 'events': 'div,splits,capitalGains'}
2024-07-28 04:35:36,196 DEBUG:   Entering get()
2024-07-28 04:35:36,196 DEBUG:url=https://query2.finance.yahoo.com/v8/finance/chart/^GDAXI
2024-07-28 04:35:36,196 DEBUG:params={'range': '5d', 'interval': '1d', 'includePrePost': False, 'events': 'div,splits,capitalGains'}
2024-07-28 04:35:36,196 DEBUG:    Entering _get_cookie_and_crumb()
2024-07-28 04:35:36,196 DEBUG:cookie_mode = 'basic'
2024-07-28 04:35:36,196 DEBUG:     Entering _get_cookie_and_crumb_basic()
2024-07-28 04:35:36,196 DEBUG:reusing cookie
2024-07-28 04:35:36,196 DEBUG:reusing crumb
2024-07-28 04:35:36,196 DEBUG:     Exiting _get_cookie_and_crumb_basic()
2024-07-28 04:35:36,196 DEBUG:    Exiting _get_cookie_and_crumb()
2024-07-28 04:35:36,237 DEBUG:https://query2.finance.yahoo.com:443 "GET /v8/finance/chart/%5EGDAXI?range=5d&interval=1d&includePrePost=False&events=div%2Csplits%2CcapitalGains&crumb=ugxiv6L7VQC HTTP/11" 200 1506
2024-07-28 04:35:36,238 DEBUG:response code=200
2024-07-28 04:35:36,238 DEBUG:   Exiting get()
2024-07-28 04:35:36,239 DEBUG:^GDAXI: yfinance received OHLC data: 2024-07-22 07:00:00 -> 2024-07-26 07:00:00
2024-07-28 04:35:36,241 DEBUG:^GDAXI: OHLC after cleaning: 2024-07-22 09:00:00+02:00 -> 2024-07-26 09:00:00+02:00
2024-07-28 04:35:36,243 DEBUG:^GDAXI: OHLC after combining events: 2024-07-22 00:00:00+02:00 -> 2024-07-26 00:00:00+02:00
2024-07-28 04:35:36,244 DEBUG:^GDAXI: yfinance returning OHLC: 2024-07-22 00:00:00+02:00 -> 2024-07-26 00:00:00+02:00
2024-07-28 04:35:36,244 DEBUG:  Exiting history()
2024-07-28 04:35:36,245 DEBUG: Exiting history()
2024-07-28 04:35:36,245 DEBUG: Entering history()
2024-07-28 04:35:36,245 DEBUG:('SELECT "t1"."key", "t1"."value" FROM "_kv" AS "t1" WHERE ("t1"."key" = ?) LIMIT ? OFFSET ?', ['QQQ', 1, 0])
2024-07-28 04:35:36,245 DEBUG:  Entering history()
2024-07-28 04:35:36,245 DEBUG:QQQ: Yahoo GET parameters: {'range': '5d', 'interval': '1d', 'includePrePost': False, 'events': 'div,splits,capitalGains'}
2024-07-28 04:35:36,245 DEBUG:   Entering get()
2024-07-28 04:35:36,245 DEBUG:url=https://query2.finance.yahoo.com/v8/finance/chart/QQQ
2024-07-28 04:35:36,245 DEBUG:params={'range': '5d', 'interval': '1d', 'includePrePost': False, 'events': 'div,splits,capitalGains'}
2024-07-28 04:35:36,245 DEBUG:    Entering _get_cookie_and_crumb()
2024-07-28 04:35:36,245 DEBUG:cookie_mode = 'basic'
2024-07-28 04:35:36,246 DEBUG:     Entering _get_cookie_and_crumb_basic()
2024-07-28 04:35:36,246 DEBUG:reusing cookie
2024-07-28 04:35:36,246 DEBUG:reusing crumb
2024-07-28 04:35:36,246 DEBUG:     Exiting _get_cookie_and_crumb_basic()
2024-07-28 04:35:36,246 DEBUG:    Exiting _get_cookie_and_crumb()
2024-07-28 04:35:36,302 DEBUG:https://query2.finance.yahoo.com:443 "GET /v8/finance/chart/QQQ?range=5d&interval=1d&includePrePost=False&events=div%2Csplits%2CcapitalGains&crumb=ugxiv6L7VQC HTTP/11" 200 1582
2024-07-28 04:35:36,303 DEBUG:response code=200
2024-07-28 04:35:36,303 DEBUG:   Exiting get()
2024-07-28 04:35:36,304 DEBUG:QQQ: yfinance received OHLC data: 2024-07-22 13:30:00 -> 2024-07-26 13:30:00
2024-07-28 04:35:36,305 DEBUG:QQQ: OHLC after cleaning: 2024-07-22 09:30:00-04:00 -> 2024-07-26 09:30:00-04:00
2024-07-28 04:35:36,307 DEBUG:QQQ: OHLC after combining events: 2024-07-22 00:00:00-04:00 -> 2024-07-26 00:00:00-04:00
2024-07-28 04:35:36,309 DEBUG:QQQ: yfinance returning OHLC: 2024-07-22 00:00:00-04:00 -> 2024-07-26 00:00:00-04:00
2024-07-28 04:35:36,309 DEBUG:  Exiting history()
2024-07-28 04:35:36,309 DEBUG: Exiting history()
2024-07-28 04:35:36,309 DEBUG: Entering history()
2024-07-28 04:35:36,309 DEBUG:('SELECT "t1"."key", "t1"."value" FROM "_kv" AS "t1" WHERE ("t1"."key" = ?) LIMIT ? OFFSET ?', ['VNQ', 1, 0])
2024-07-28 04:35:36,310 DEBUG:  Entering history()
2024-07-28 04:35:36,310 DEBUG:VNQ: Yahoo GET parameters: {'range': '5d', 'interval': '1d', 'includePrePost': False, 'events': 'div,splits,capitalGains'}
2024-07-28 04:35:36,310 DEBUG:   Entering get()
2024-07-28 04:35:36,310 DEBUG:url=https://query2.finance.yahoo.com/v8/finance/chart/VNQ
2024-07-28 04:35:36,310 DEBUG:params={'range': '5d', 'interval': '1d', 'includePrePost': False, 'events': 'div,splits,capitalGains'}
2024-07-28 04:35:36,312 DEBUG:    Entering _get_cookie_and_crumb()
2024-07-28 04:35:36,312 DEBUG:cookie_mode = 'basic'
2024-07-28 04:35:36,312 DEBUG:     Entering _get_cookie_and_crumb_basic()
2024-07-28 04:35:36,312 DEBUG:reusing cookie
2024-07-28 04:35:36,312 DEBUG:reusing crumb
2024-07-28 04:35:36,312 DEBUG:     Exiting _get_cookie_and_crumb_basic()
2024-07-28 04:35:36,312 DEBUG:    Exiting _get_cookie_and_crumb()
2024-07-28 04:35:36,383 DEBUG:https://query2.finance.yahoo.com:443 "GET /v8/finance/chart/VNQ?range=5d&interval=1d&includePrePost=False&events=div%2Csplits%2CcapitalGains&crumb=ugxiv6L7VQC HTTP/11" 200 1565
2024-07-28 04:35:36,383 DEBUG:response code=200
2024-07-28 04:35:36,384 DEBUG:   Exiting get()
2024-07-28 04:35:36,385 DEBUG:VNQ: yfinance received OHLC data: 2024-07-22 13:30:00 -> 2024-07-26 13:30:00
2024-07-28 04:35:36,387 DEBUG:VNQ: OHLC after cleaning: 2024-07-22 09:30:00-04:00 -> 2024-07-26 09:30:00-04:00
2024-07-28 04:35:36,389 DEBUG:VNQ: OHLC after combining events: 2024-07-22 00:00:00-04:00 -> 2024-07-26 00:00:00-04:00
2024-07-28 04:35:36,391 DEBUG:VNQ: yfinance returning OHLC: 2024-07-22 00:00:00-04:00 -> 2024-07-26 00:00:00-04:00
2024-07-28 04:35:36,391 DEBUG:  Exiting history()
2024-07-28 04:35:36,392 DEBUG: Exiting history()
2024-07-28 04:35:36,392 DEBUG: Entering history()
2024-07-28 04:35:36,392 DEBUG:('SELECT "t1"."key", "t1"."value" FROM "_kv" AS "t1" WHERE ("t1"."key" = ?) LIMIT ? OFFSET ?', ['MCHI', 1, 0])
2024-07-28 04:35:36,392 DEBUG:  Entering history()
2024-07-28 04:35:36,392 DEBUG:MCHI: Yahoo GET parameters: {'range': '5d', 'interval': '1d', 'includePrePost': False, 'events': 'div,splits,capitalGains'}
2024-07-28 04:35:36,392 DEBUG:   Entering get()
2024-07-28 04:35:36,392 DEBUG:url=https://query2.finance.yahoo.com/v8/finance/chart/MCHI
2024-07-28 04:35:36,392 DEBUG:params={'range': '5d', 'interval': '1d', 'includePrePost': False, 'events': 'div,splits,capitalGains'}
2024-07-28 04:35:36,392 DEBUG:    Entering _get_cookie_and_crumb()
2024-07-28 04:35:36,392 DEBUG:cookie_mode = 'basic'
2024-07-28 04:35:36,392 DEBUG:     Entering _get_cookie_and_crumb_basic()
2024-07-28 04:35:36,392 DEBUG:reusing cookie
2024-07-28 04:35:36,392 DEBUG:reusing crumb
2024-07-28 04:35:36,392 DEBUG:     Exiting _get_cookie_and_crumb_basic()
2024-07-28 04:35:36,392 DEBUG:    Exiting _get_cookie_and_crumb()
2024-07-28 04:35:36,449 DEBUG:https://query2.finance.yahoo.com:443 "GET /v8/finance/chart/MCHI?range=5d&interval=1d&includePrePost=False&events=div%2Csplits%2CcapitalGains&crumb=ugxiv6L7VQC HTTP/11" 200 1539
2024-07-28 04:35:36,450 DEBUG:response code=200
2024-07-28 04:35:36,450 DEBUG:   Exiting get()
2024-07-28 04:35:36,451 DEBUG:MCHI: yfinance received OHLC data: 2024-07-22 13:30:00 -> 2024-07-26 13:30:00
2024-07-28 04:35:36,452 DEBUG:MCHI: OHLC after cleaning: 2024-07-22 09:30:00-04:00 -> 2024-07-26 09:30:00-04:00
2024-07-28 04:35:36,455 DEBUG:MCHI: OHLC after combining events: 2024-07-22 00:00:00-04:00 -> 2024-07-26 00:00:00-04:00
2024-07-28 04:35:36,457 DEBUG:MCHI: yfinance returning OHLC: 2024-07-22 00:00:00-04:00 -> 2024-07-26 00:00:00-04:00
2024-07-28 04:35:36,457 DEBUG:  Exiting history()
2024-07-28 04:35:36,457 DEBUG: Exiting history()
2024-07-28 04:35:36,458 DEBUG: Entering history()
2024-07-28 04:35:36,458 DEBUG:('SELECT "t1"."key", "t1"."value" FROM "_kv" AS "t1" WHERE ("t1"."key" = ?) LIMIT ? OFFSET ?', ['EZU', 1, 0])
2024-07-28 04:35:36,458 DEBUG:  Entering history()
2024-07-28 04:35:36,458 DEBUG:EZU: Yahoo GET parameters: {'range': '5d', 'interval': '1d', 'includePrePost': False, 'events': 'div,splits,capitalGains'}
2024-07-28 04:35:36,458 DEBUG:   Entering get()
2024-07-28 04:35:36,458 DEBUG:url=https://query2.finance.yahoo.com/v8/finance/chart/EZU
2024-07-28 04:35:36,458 DEBUG:params={'range': '5d', 'interval': '1d', 'includePrePost': False, 'events': 'div,splits,capitalGains'}
2024-07-28 04:35:36,458 DEBUG:    Entering _get_cookie_and_crumb()
2024-07-28 04:35:36,458 DEBUG:cookie_mode = 'basic'
2024-07-28 04:35:36,458 DEBUG:     Entering _get_cookie_and_crumb_basic()
2024-07-28 04:35:36,458 DEBUG:reusing cookie
2024-07-28 04:35:36,458 DEBUG:reusing crumb
2024-07-28 04:35:36,458 DEBUG:     Exiting _get_cookie_and_crumb_basic()
2024-07-28 04:35:36,458 DEBUG:    Exiting _get_cookie_and_crumb()
2024-07-28 04:35:36,527 DEBUG:https://query2.finance.yahoo.com:443 "GET /v8/finance/chart/EZU?range=5d&interval=1d&includePrePost=False&events=div%2Csplits%2CcapitalGains&crumb=ugxiv6L7VQC HTTP/11" 200 1566
2024-07-28 04:35:36,528 DEBUG:response code=200
2024-07-28 04:35:36,528 DEBUG:   Exiting get()
2024-07-28 04:35:36,531 DEBUG:EZU: yfinance received OHLC data: 2024-07-22 13:30:00 -> 2024-07-26 13:30:00
2024-07-28 04:35:36,532 DEBUG:EZU: OHLC after cleaning: 2024-07-22 09:30:00-04:00 -> 2024-07-26 09:30:00-04:00
2024-07-28 04:35:36,534 DEBUG:EZU: OHLC after combining events: 2024-07-22 00:00:00-04:00 -> 2024-07-26 00:00:00-04:00
2024-07-28 04:35:36,536 DEBUG:EZU: yfinance returning OHLC: 2024-07-22 00:00:00-04:00 -> 2024-07-26 00:00:00-04:00
2024-07-28 04:35:36,536 DEBUG:  Exiting history()
2024-07-28 04:35:36,537 DEBUG: Exiting history()
2024-07-28 04:35:36,537 DEBUG: Entering history()
2024-07-28 04:35:36,537 DEBUG:('SELECT "t1"."key", "t1"."value" FROM "_kv" AS "t1" WHERE ("t1"."key" = ?) LIMIT ? OFFSET ?', ['FXI', 1, 0])
2024-07-28 04:35:36,537 DEBUG:  Entering history()
2024-07-28 04:35:36,537 DEBUG:FXI: Yahoo GET parameters: {'range': '5d', 'interval': '1d', 'includePrePost': False, 'events': 'div,splits,capitalGains'}
2024-07-28 04:35:36,537 DEBUG:   Entering get()
2024-07-28 04:35:36,537 DEBUG:url=https://query2.finance.yahoo.com/v8/finance/chart/FXI
2024-07-28 04:35:36,537 DEBUG:params={'range': '5d', 'interval': '1d', 'includePrePost': False, 'events': 'div,splits,capitalGains'}
2024-07-28 04:35:36,538 DEBUG:    Entering _get_cookie_and_crumb()
2024-07-28 04:35:36,538 DEBUG:cookie_mode = 'basic'
2024-07-28 04:35:36,538 DEBUG:     Entering _get_cookie_and_crumb_basic()
2024-07-28 04:35:36,538 DEBUG:reusing cookie
2024-07-28 04:35:36,538 DEBUG:reusing crumb
2024-07-28 04:35:36,538 DEBUG:     Exiting _get_cookie_and_crumb_basic()
2024-07-28 04:35:36,538 DEBUG:    Exiting _get_cookie_and_crumb()
2024-07-28 04:35:36,634 DEBUG:https://query2.finance.yahoo.com:443 "GET /v8/finance/chart/FXI?range=5d&interval=1d&includePrePost=False&events=div%2Csplits%2CcapitalGains&crumb=ugxiv6L7VQC HTTP/11" 200 1589
2024-07-28 04:35:36,635 DEBUG:response code=200
2024-07-28 04:35:36,635 DEBUG:   Exiting get()
2024-07-28 04:35:36,637 DEBUG:FXI: yfinance received OHLC data: 2024-07-22 13:30:00 -> 2024-07-26 13:30:00
2024-07-28 04:35:36,638 DEBUG:FXI: OHLC after cleaning: 2024-07-22 09:30:00-04:00 -> 2024-07-26 09:30:00-04:00
2024-07-28 04:35:36,640 DEBUG:FXI: OHLC after combining events: 2024-07-22 00:00:00-04:00 -> 2024-07-26 00:00:00-04:00
2024-07-28 04:35:36,642 DEBUG:FXI: yfinance returning OHLC: 2024-07-22 00:00:00-04:00 -> 2024-07-26 00:00:00-04:00
2024-07-28 04:35:36,642 DEBUG:  Exiting history()
2024-07-28 04:35:36,643 DEBUG: Exiting history()
2024-07-28 04:35:36,646 DEBUG:Exiting download()
2024-07-28 04:35:36,646 INFO:Data fetched successfully
2024-07-28 04:35:36,646 INFO:Calculating top movers
2024-07-28 04:35:36,656 INFO:Top movers calculated successfully
2024-07-28 04:35:36,656 INFO:Fetching CFD symbols using yfinance
2024-07-28 04:35:36,656 INFO:CFD symbols fetched successfully
2024-07-28 04:35:36,656 INFO:Fetching data for symbols using yfinance: ['AAPL', 'MSFT', 'GOOGL', 'AMZN', 'NFLX', 'TSLA', 'BABA', 'NVDA', 'JPM', 'AMD', '^N225', 'INTC', 'META', 'BA', 'DIS', 'PYPL', 'CSCO', 'PEP', 'KO', 'NKE', 'WMT', 'PG', 'HD', 'VZ', 'T', 'XOM', 'CVX', 'MRK']
2024-07-28 04:35:36,656 DEBUG:Entering download()
2024-07-28 04:35:36,656 DEBUG:Disabling multithreading because DEBUG logging enabled
2024-07-28 04:35:36,656 DEBUG: Entering history()
2024-07-28 04:35:36,657 DEBUG:('SELECT "t1"."key", "t1"."value" FROM "_kv" AS "t1" WHERE ("t1"."key" = ?) LIMIT ? OFFSET ?', ['HD', 1, 0])
2024-07-28 04:35:36,657 DEBUG:  Entering history()
2024-07-28 04:35:36,657 DEBUG:HD: Yahoo GET parameters: {'range': '1d', 'interval': '1m', 'includePrePost': False, 'events': 'div,splits,capitalGains'}
2024-07-28 04:35:36,657 DEBUG:   Entering get()
2024-07-28 04:35:36,657 DEBUG:url=https://query2.finance.yahoo.com/v8/finance/chart/HD
2024-07-28 04:35:36,657 DEBUG:params={'range': '1d', 'interval': '1m', 'includePrePost': False, 'events': 'div,splits,capitalGains'}
2024-07-28 04:35:36,657 DEBUG:    Entering _get_cookie_and_crumb()
2024-07-28 04:35:36,657 DEBUG:cookie_mode = 'basic'
2024-07-28 04:35:36,657 DEBUG:     Entering _get_cookie_and_crumb_basic()
2024-07-28 04:35:36,657 DEBUG:reusing cookie
2024-07-28 04:35:36,657 DEBUG:reusing crumb
2024-07-28 04:35:36,657 DEBUG:     Exiting _get_cookie_and_crumb_basic()
2024-07-28 04:35:36,657 DEBUG:    Exiting _get_cookie_and_crumb()
2024-07-28 04:35:36,703 DEBUG:https://query2.finance.yahoo.com:443 "GET /v8/finance/chart/HD?range=1d&interval=1m&includePrePost=False&events=div%2Csplits%2CcapitalGains&crumb=ugxiv6L7VQC HTTP/11" 200 None
2024-07-28 04:35:36,703 DEBUG:response code=200
2024-07-28 04:35:36,703 DEBUG:   Exiting get()
2024-07-28 04:35:36,705 DEBUG:HD: yfinance received OHLC data: 2024-07-26 13:30:00 -> 2024-07-26 20:00:00
2024-07-28 04:35:36,709 DEBUG:HD: OHLC after cleaning: 2024-07-26 09:30:00-04:00 -> 2024-07-26 15:59:00-04:00
2024-07-28 04:35:36,709 DEBUG:HD: OHLC after combining events: 2024-07-26 09:30:00-04:00 -> 2024-07-26 15:59:00-04:00
2024-07-28 04:35:36,711 DEBUG:HD: yfinance returning OHLC: 2024-07-26 09:30:00-04:00 -> 2024-07-26 15:59:00-04:00
2024-07-28 04:35:36,711 DEBUG:  Exiting history()
2024-07-28 04:35:36,711 DEBUG: Exiting history()
2024-07-28 04:35:36,711 DEBUG: Entering history()
2024-07-28 04:35:36,711 DEBUG:('SELECT "t1"."key", "t1"."value" FROM "_kv" AS "t1" WHERE ("t1"."key" = ?) LIMIT ? OFFSET ?', ['AMD', 1, 0])
2024-07-28 04:35:36,711 DEBUG:  Entering history()
2024-07-28 04:35:36,711 DEBUG:AMD: Yahoo GET parameters: {'range': '1d', 'interval': '1m', 'includePrePost': False, 'events': 'div,splits,capitalGains'}
2024-07-28 04:35:36,711 DEBUG:   Entering get()
2024-07-28 04:35:36,711 DEBUG:url=https://query2.finance.yahoo.com/v8/finance/chart/AMD
2024-07-28 04:35:36,711 DEBUG:params={'range': '1d', 'interval': '1m', 'includePrePost': False, 'events': 'div,splits,capitalGains'}
2024-07-28 04:35:36,711 DEBUG:    Entering _get_cookie_and_crumb()
2024-07-28 04:35:36,711 DEBUG:cookie_mode = 'basic'
2024-07-28 04:35:36,711 DEBUG:     Entering _get_cookie_and_crumb_basic()
2024-07-28 04:35:36,711 DEBUG:reusing cookie
2024-07-28 04:35:36,711 DEBUG:reusing crumb
2024-07-28 04:35:36,711 DEBUG:     Exiting _get_cookie_and_crumb_basic()
2024-07-28 04:35:36,711 DEBUG:    Exiting _get_cookie_and_crumb()
2024-07-28 04:35:36,762 DEBUG:https://query2.finance.yahoo.com:443 "GET /v8/finance/chart/AMD?range=1d&interval=1m&includePrePost=False&events=div%2Csplits%2CcapitalGains&crumb=ugxiv6L7VQC HTTP/11" 200 None
2024-07-28 04:35:36,762 DEBUG:response code=200
2024-07-28 04:35:36,762 DEBUG:   Exiting get()
2024-07-28 04:35:36,764 DEBUG:AMD: yfinance received OHLC data: 2024-07-26 13:30:00 -> 2024-07-26 20:00:00
2024-07-28 04:35:36,767 DEBUG:AMD: OHLC after cleaning: 2024-07-26 09:30:00-04:00 -> 2024-07-26 15:59:00-04:00
2024-07-28 04:35:36,769 DEBUG:AMD: OHLC after combining events: 2024-07-26 09:30:00-04:00 -> 2024-07-26 15:59:00-04:00
2024-07-28 04:35:36,770 DEBUG:AMD: yfinance returning OHLC: 2024-07-26 09:30:00-04:00 -> 2024-07-26 15:59:00-04:00
2024-07-28 04:35:36,770 DEBUG:  Exiting history()
2024-07-28 04:35:36,770 DEBUG: Exiting history()
2024-07-28 04:35:36,770 DEBUG: Entering history()
2024-07-28 04:35:36,771 DEBUG:('SELECT "t1"."key", "t1"."value" FROM "_kv" AS "t1" WHERE ("t1"."key" = ?) LIMIT ? OFFSET ?', ['GOOGL', 1, 0])
2024-07-28 04:35:36,771 DEBUG:  Entering history()
2024-07-28 04:35:36,771 DEBUG:GOOGL: Yahoo GET parameters: {'range': '1d', 'interval': '1m', 'includePrePost': False, 'events': 'div,splits,capitalGains'}
2024-07-28 04:35:36,771 DEBUG:   Entering get()
2024-07-28 04:35:36,771 DEBUG:url=https://query2.finance.yahoo.com/v8/finance/chart/GOOGL
2024-07-28 04:35:36,771 DEBUG:params={'range': '1d', 'interval': '1m', 'includePrePost': False, 'events': 'div,splits,capitalGains'}
2024-07-28 04:35:36,771 DEBUG:    Entering _get_cookie_and_crumb()
2024-07-28 04:35:36,771 DEBUG:cookie_mode = 'basic'
2024-07-28 04:35:36,771 DEBUG:     Entering _get_cookie_and_crumb_basic()
2024-07-28 04:35:36,771 DEBUG:reusing cookie
2024-07-28 04:35:36,771 DEBUG:reusing crumb
2024-07-28 04:35:36,771 DEBUG:     Exiting _get_cookie_and_crumb_basic()
2024-07-28 04:35:36,771 DEBUG:    Exiting _get_cookie_and_crumb()
2024-07-28 04:35:36,823 DEBUG:https://query2.finance.yahoo.com:443 "GET /v8/finance/chart/GOOGL?range=1d&interval=1m&includePrePost=False&events=div%2Csplits%2CcapitalGains&crumb=ugxiv6L7VQC HTTP/11" 200 None
2024-07-28 04:35:36,824 DEBUG:response code=200
2024-07-28 04:35:36,824 DEBUG:   Exiting get()
2024-07-28 04:35:36,826 DEBUG:GOOGL: yfinance received OHLC data: 2024-07-26 13:30:00 -> 2024-07-26 20:00:00
2024-07-28 04:35:36,830 DEBUG:GOOGL: OHLC after cleaning: 2024-07-26 09:30:00-04:00 -> 2024-07-26 15:59:00-04:00
2024-07-28 04:35:36,832 DEBUG:GOOGL: OHLC after combining events: 2024-07-26 09:30:00-04:00 -> 2024-07-26 15:59:00-04:00
2024-07-28 04:35:36,833 DEBUG:GOOGL: yfinance returning OHLC: 2024-07-26 09:30:00-04:00 -> 2024-07-26 15:59:00-04:00
2024-07-28 04:35:36,833 DEBUG:  Exiting history()
2024-07-28 04:35:36,833 DEBUG: Exiting history()
2024-07-28 04:35:36,833 DEBUG: Entering history()
2024-07-28 04:35:36,834 DEBUG:('SELECT "t1"."key", "t1"."value" FROM "_kv" AS "t1" WHERE ("t1"."key" = ?) LIMIT ? OFFSET ?', ['AAPL', 1, 0])
2024-07-28 04:35:36,834 DEBUG:  Entering history()
2024-07-28 04:35:36,834 DEBUG:AAPL: Yahoo GET parameters: {'range': '1d', 'interval': '1m', 'includePrePost': False, 'events': 'div,splits,capitalGains'}
2024-07-28 04:35:36,834 DEBUG:   Entering get()
2024-07-28 04:35:36,834 DEBUG:url=https://query2.finance.yahoo.com/v8/finance/chart/AAPL
2024-07-28 04:35:36,834 DEBUG:params={'range': '1d', 'interval': '1m', 'includePrePost': False, 'events': 'div,splits,capitalGains'}
2024-07-28 04:35:36,834 DEBUG:    Entering _get_cookie_and_crumb()
2024-07-28 04:35:36,834 DEBUG:cookie_mode = 'basic'
2024-07-28 04:35:36,834 DEBUG:     Entering _get_cookie_and_crumb_basic()
2024-07-28 04:35:36,834 DEBUG:reusing cookie
2024-07-28 04:35:36,834 DEBUG:reusing crumb
2024-07-28 04:35:36,834 DEBUG:     Exiting _get_cookie_and_crumb_basic()
2024-07-28 04:35:36,834 DEBUG:    Exiting _get_cookie_and_crumb()
2024-07-28 04:35:36,887 DEBUG:https://query2.finance.yahoo.com:443 "GET /v8/finance/chart/AAPL?range=1d&interval=1m&includePrePost=False&events=div%2Csplits%2CcapitalGains&crumb=ugxiv6L7VQC HTTP/11" 200 None
2024-07-28 04:35:36,888 DEBUG:response code=200
2024-07-28 04:35:36,888 DEBUG:   Exiting get()
2024-07-28 04:35:36,890 DEBUG:AAPL: yfinance received OHLC data: 2024-07-26 13:30:00 -> 2024-07-26 20:00:00
2024-07-28 04:35:36,896 DEBUG:AAPL: OHLC after cleaning: 2024-07-26 09:30:00-04:00 -> 2024-07-26 15:59:00-04:00
2024-07-28 04:35:36,897 DEBUG:AAPL: OHLC after combining events: 2024-07-26 09:30:00-04:00 -> 2024-07-26 15:59:00-04:00
2024-07-28 04:35:36,899 DEBUG:AAPL: yfinance returning OHLC: 2024-07-26 09:30:00-04:00 -> 2024-07-26 15:59:00-04:00
2024-07-28 04:35:36,900 DEBUG:  Exiting history()
2024-07-28 04:35:36,900 DEBUG: Exiting history()
2024-07-28 04:35:36,900 DEBUG: Entering history()
2024-07-28 04:35:36,900 DEBUG:('SELECT "t1"."key", "t1"."value" FROM "_kv" AS "t1" WHERE ("t1"."key" = ?) LIMIT ? OFFSET ?', ['TSLA', 1, 0])
2024-07-28 04:35:36,900 DEBUG:  Entering history()
2024-07-28 04:35:36,900 DEBUG:TSLA: Yahoo GET parameters: {'range': '1d', 'interval': '1m', 'includePrePost': False, 'events': 'div,splits,capitalGains'}
2024-07-28 04:35:36,900 DEBUG:   Entering get()
2024-07-28 04:35:36,900 DEBUG:url=https://query2.finance.yahoo.com/v8/finance/chart/TSLA
2024-07-28 04:35:36,900 DEBUG:params={'range': '1d', 'interval': '1m', 'includePrePost': False, 'events': 'div,splits,capitalGains'}
2024-07-28 04:35:36,900 DEBUG:    Entering _get_cookie_and_crumb()
2024-07-28 04:35:36,900 DEBUG:cookie_mode = 'basic'
2024-07-28 04:35:36,900 DEBUG:     Entering _get_cookie_and_crumb_basic()
2024-07-28 04:35:36,900 DEBUG:reusing cookie
2024-07-28 04:35:36,901 DEBUG:reusing crumb
2024-07-28 04:35:36,901 DEBUG:     Exiting _get_cookie_and_crumb_basic()
2024-07-28 04:35:36,901 DEBUG:    Exiting _get_cookie_and_crumb()
2024-07-28 04:35:36,955 DEBUG:https://query2.finance.yahoo.com:443 "GET /v8/finance/chart/TSLA?range=1d&interval=1m&includePrePost=False&events=div%2Csplits%2CcapitalGains&crumb=ugxiv6L7VQC HTTP/11" 200 None
2024-07-28 04:35:36,956 DEBUG:response code=200
2024-07-28 04:35:36,956 DEBUG:   Exiting get()
2024-07-28 04:35:36,958 DEBUG:TSLA: yfinance received OHLC data: 2024-07-26 13:30:00 -> 2024-07-26 20:00:00
2024-07-28 04:35:36,964 DEBUG:TSLA: OHLC after cleaning: 2024-07-26 09:30:00-04:00 -> 2024-07-26 15:59:00-04:00
2024-07-28 04:35:36,965 DEBUG:TSLA: OHLC after combining events: 2024-07-26 09:30:00-04:00 -> 2024-07-26 15:59:00-04:00
2024-07-28 04:35:36,967 DEBUG:TSLA: yfinance returning OHLC: 2024-07-26 09:30:00-04:00 -> 2024-07-26 15:59:00-04:00
2024-07-28 04:35:36,967 DEBUG:  Exiting history()
2024-07-28 04:35:36,967 DEBUG: Exiting history()
2024-07-28 04:35:36,967 DEBUG: Entering history()
2024-07-28 04:35:36,967 DEBUG:('SELECT "t1"."key", "t1"."value" FROM "_kv" AS "t1" WHERE ("t1"."key" = ?) LIMIT ? OFFSET ?', ['JPM', 1, 0])
2024-07-28 04:35:36,967 DEBUG:  Entering history()
2024-07-28 04:35:36,967 DEBUG:JPM: Yahoo GET parameters: {'range': '1d', 'interval': '1m', 'includePrePost': False, 'events': 'div,splits,capitalGains'}
2024-07-28 04:35:36,967 DEBUG:   Entering get()
2024-07-28 04:35:36,967 DEBUG:url=https://query2.finance.yahoo.com/v8/finance/chart/JPM
2024-07-28 04:35:36,968 DEBUG:params={'range': '1d', 'interval': '1m', 'includePrePost': False, 'events': 'div,splits,capitalGains'}
2024-07-28 04:35:36,968 DEBUG:    Entering _get_cookie_and_crumb()
2024-07-28 04:35:36,968 DEBUG:cookie_mode = 'basic'
2024-07-28 04:35:36,968 DEBUG:     Entering _get_cookie_and_crumb_basic()
2024-07-28 04:35:36,968 DEBUG:reusing cookie
2024-07-28 04:35:36,968 DEBUG:reusing crumb
2024-07-28 04:35:36,968 DEBUG:     Exiting _get_cookie_and_crumb_basic()
2024-07-28 04:35:36,968 DEBUG:    Exiting _get_cookie_and_crumb()
2024-07-28 04:35:37,057 DEBUG:https://query2.finance.yahoo.com:443 "GET /v8/finance/chart/JPM?range=1d&interval=1m&includePrePost=False&events=div%2Csplits%2CcapitalGains&crumb=ugxiv6L7VQC HTTP/11" 200 None
2024-07-28 04:35:37,058 DEBUG:response code=200
2024-07-28 04:35:37,059 DEBUG:   Exiting get()
2024-07-28 04:35:37,062 DEBUG:JPM: yfinance received OHLC data: 2024-07-26 13:30:00 -> 2024-07-26 20:00:00
2024-07-28 04:35:37,067 DEBUG:JPM: OHLC after cleaning: 2024-07-26 09:30:00-04:00 -> 2024-07-26 15:59:00-04:00
2024-07-28 04:35:37,069 DEBUG:JPM: OHLC after combining events: 2024-07-26 09:30:00-04:00 -> 2024-07-26 15:59:00-04:00
2024-07-28 04:35:37,071 DEBUG:JPM: yfinance returning OHLC: 2024-07-26 09:30:00-04:00 -> 2024-07-26 15:59:00-04:00
2024-07-28 04:35:37,071 DEBUG:  Exiting history()
2024-07-28 04:35:37,071 DEBUG: Exiting history()
2024-07-28 04:35:37,071 DEBUG: Entering history()
2024-07-28 04:35:37,072 DEBUG:('SELECT "t1"."key", "t1"."value" FROM "_kv" AS "t1" WHERE ("t1"."key" = ?) LIMIT ? OFFSET ?', ['BABA', 1, 0])
2024-07-28 04:35:37,072 DEBUG:  Entering history()
2024-07-28 04:35:37,072 DEBUG:BABA: Yahoo GET parameters: {'range': '1d', 'interval': '1m', 'includePrePost': False, 'events': 'div,splits,capitalGains'}
2024-07-28 04:35:37,072 DEBUG:   Entering get()
2024-07-28 04:35:37,072 DEBUG:url=https://query2.finance.yahoo.com/v8/finance/chart/BABA
2024-07-28 04:35:37,072 DEBUG:params={'range': '1d', 'interval': '1m', 'includePrePost': False, 'events': 'div,splits,capitalGains'}
2024-07-28 04:35:37,072 DEBUG:    Entering _get_cookie_and_crumb()
2024-07-28 04:35:37,072 DEBUG:cookie_mode = 'basic'
2024-07-28 04:35:37,072 DEBUG:     Entering _get_cookie_and_crumb_basic()
2024-07-28 04:35:37,072 DEBUG:reusing cookie
2024-07-28 04:35:37,072 DEBUG:reusing crumb
2024-07-28 04:35:37,072 DEBUG:     Exiting _get_cookie_and_crumb_basic()
2024-07-28 04:35:37,072 DEBUG:    Exiting _get_cookie_and_crumb()
2024-07-28 04:35:37,127 DEBUG:https://query2.finance.yahoo.com:443 "GET /v8/finance/chart/BABA?range=1d&interval=1m&includePrePost=False&events=div%2Csplits%2CcapitalGains&crumb=ugxiv6L7VQC HTTP/11" 200 None
2024-07-28 04:35:37,129 DEBUG:response code=200
2024-07-28 04:35:37,129 DEBUG:   Exiting get()
2024-07-28 04:35:37,133 DEBUG:BABA: yfinance received OHLC data: 2024-07-26 13:30:00 -> 2024-07-26 20:00:00
2024-07-28 04:35:37,137 DEBUG:BABA: OHLC after cleaning: 2024-07-26 09:30:00-04:00 -> 2024-07-26 15:59:00-04:00
2024-07-28 04:35:37,139 DEBUG:BABA: OHLC after combining events: 2024-07-26 09:30:00-04:00 -> 2024-07-26 15:59:00-04:00
2024-07-28 04:35:37,141 DEBUG:BABA: yfinance returning OHLC: 2024-07-26 09:30:00-04:00 -> 2024-07-26 15:59:00-04:00
2024-07-28 04:35:37,141 DEBUG:  Exiting history()
2024-07-28 04:35:37,141 DEBUG: Exiting history()
2024-07-28 04:35:37,141 DEBUG: Entering history()
2024-07-28 04:35:37,141 DEBUG:('SELECT "t1"."key", "t1"."value" FROM "_kv" AS "t1" WHERE ("t1"."key" = ?) LIMIT ? OFFSET ?', ['WMT', 1, 0])
2024-07-28 04:35:37,141 DEBUG:  Entering history()
2024-07-28 04:35:37,141 DEBUG:WMT: Yahoo GET parameters: {'range': '1d', 'interval': '1m', 'includePrePost': False, 'events': 'div,splits,capitalGains'}
2024-07-28 04:35:37,141 DEBUG:   Entering get()
2024-07-28 04:35:37,141 DEBUG:url=https://query2.finance.yahoo.com/v8/finance/chart/WMT
2024-07-28 04:35:37,141 DEBUG:params={'range': '1d', 'interval': '1m', 'includePrePost': False, 'events': 'div,splits,capitalGains'}
2024-07-28 04:35:37,141 DEBUG:    Entering _get_cookie_and_crumb()
2024-07-28 04:35:37,141 DEBUG:cookie_mode = 'basic'
2024-07-28 04:35:37,141 DEBUG:     Entering _get_cookie_and_crumb_basic()
2024-07-28 04:35:37,141 DEBUG:reusing cookie
2024-07-28 04:35:37,142 DEBUG:reusing crumb
2024-07-28 04:35:37,142 DEBUG:     Exiting _get_cookie_and_crumb_basic()
2024-07-28 04:35:37,142 DEBUG:    Exiting _get_cookie_and_crumb()
2024-07-28 04:35:37,191 DEBUG:https://query2.finance.yahoo.com:443 "GET /v8/finance/chart/WMT?range=1d&interval=1m&includePrePost=False&events=div%2Csplits%2CcapitalGains&crumb=ugxiv6L7VQC HTTP/11" 200 None
2024-07-28 04:35:37,191 DEBUG:response code=200
2024-07-28 04:35:37,191 DEBUG:   Exiting get()
2024-07-28 04:35:37,194 DEBUG:WMT: yfinance received OHLC data: 2024-07-26 13:30:00 -> 2024-07-26 20:00:00
2024-07-28 04:35:37,199 DEBUG:WMT: OHLC after cleaning: 2024-07-26 09:30:00-04:00 -> 2024-07-26 15:59:00-04:00
2024-07-28 04:35:37,201 DEBUG:WMT: OHLC after combining events: 2024-07-26 09:30:00-04:00 -> 2024-07-26 15:59:00-04:00
2024-07-28 04:35:37,203 DEBUG:WMT: yfinance returning OHLC: 2024-07-26 09:30:00-04:00 -> 2024-07-26 15:59:00-04:00
2024-07-28 04:35:37,203 DEBUG:  Exiting history()
2024-07-28 04:35:37,203 DEBUG: Exiting history()
2024-07-28 04:35:37,203 DEBUG: Entering history()
2024-07-28 04:35:37,204 DEBUG:('SELECT "t1"."key", "t1"."value" FROM "_kv" AS "t1" WHERE ("t1"."key" = ?) LIMIT ? OFFSET ?', ['MSFT', 1, 0])
2024-07-28 04:35:37,204 DEBUG:  Entering history()
2024-07-28 04:35:37,204 DEBUG:MSFT: Yahoo GET parameters: {'range': '1d', 'interval': '1m', 'includePrePost': False, 'events': 'div,splits,capitalGains'}
2024-07-28 04:35:37,204 DEBUG:   Entering get()
2024-07-28 04:35:37,204 DEBUG:url=https://query2.finance.yahoo.com/v8/finance/chart/MSFT
2024-07-28 04:35:37,204 DEBUG:params={'range': '1d', 'interval': '1m', 'includePrePost': False, 'events': 'div,splits,capitalGains'}
2024-07-28 04:35:37,204 DEBUG:    Entering _get_cookie_and_crumb()
2024-07-28 04:35:37,204 DEBUG:cookie_mode = 'basic'
2024-07-28 04:35:37,204 DEBUG:     Entering _get_cookie_and_crumb_basic()
2024-07-28 04:35:37,204 DEBUG:reusing cookie
2024-07-28 04:35:37,204 DEBUG:reusing crumb
2024-07-28 04:35:37,204 DEBUG:     Exiting _get_cookie_and_crumb_basic()
2024-07-28 04:35:37,204 DEBUG:    Exiting _get_cookie_and_crumb()
2024-07-28 04:35:37,252 DEBUG:https://query2.finance.yahoo.com:443 "GET /v8/finance/chart/MSFT?range=1d&interval=1m&includePrePost=False&events=div%2Csplits%2CcapitalGains&crumb=ugxiv6L7VQC HTTP/11" 200 None
2024-07-28 04:35:37,255 DEBUG:response code=200
2024-07-28 04:35:37,255 DEBUG:   Exiting get()
2024-07-28 04:35:37,258 DEBUG:MSFT: yfinance received OHLC data: 2024-07-26 13:30:00 -> 2024-07-26 20:00:00
2024-07-28 04:35:37,266 DEBUG:MSFT: OHLC after cleaning: 2024-07-26 09:30:00-04:00 -> 2024-07-26 15:59:00-04:00
2024-07-28 04:35:37,267 DEBUG:MSFT: OHLC after combining events: 2024-07-26 09:30:00-04:00 -> 2024-07-26 15:59:00-04:00
2024-07-28 04:35:37,269 DEBUG:MSFT: yfinance returning OHLC: 2024-07-26 09:30:00-04:00 -> 2024-07-26 15:59:00-04:00
2024-07-28 04:35:37,269 DEBUG:  Exiting history()
2024-07-28 04:35:37,269 DEBUG: Exiting history()
2024-07-28 04:35:37,269 DEBUG: Entering history()
2024-07-28 04:35:37,269 DEBUG:('SELECT "t1"."key", "t1"."value" FROM "_kv" AS "t1" WHERE ("t1"."key" = ?) LIMIT ? OFFSET ?', ['KO', 1, 0])
2024-07-28 04:35:37,269 DEBUG:  Entering history()
2024-07-28 04:35:37,269 DEBUG:KO: Yahoo GET parameters: {'range': '1d', 'interval': '1m', 'includePrePost': False, 'events': 'div,splits,capitalGains'}
2024-07-28 04:35:37,269 DEBUG:   Entering get()
2024-07-28 04:35:37,269 DEBUG:url=https://query2.finance.yahoo.com/v8/finance/chart/KO
2024-07-28 04:35:37,269 DEBUG:params={'range': '1d', 'interval': '1m', 'includePrePost': False, 'events': 'div,splits,capitalGains'}
2024-07-28 04:35:37,269 DEBUG:    Entering _get_cookie_and_crumb()
2024-07-28 04:35:37,269 DEBUG:cookie_mode = 'basic'
2024-07-28 04:35:37,269 DEBUG:     Entering _get_cookie_and_crumb_basic()
2024-07-28 04:35:37,269 DEBUG:reusing cookie
2024-07-28 04:35:37,269 DEBUG:reusing crumb
2024-07-28 04:35:37,270 DEBUG:     Exiting _get_cookie_and_crumb_basic()
2024-07-28 04:35:37,270 DEBUG:    Exiting _get_cookie_and_crumb()
2024-07-28 04:35:37,317 DEBUG:https://query2.finance.yahoo.com:443 "GET /v8/finance/chart/KO?range=1d&interval=1m&includePrePost=False&events=div%2Csplits%2CcapitalGains&crumb=ugxiv6L7VQC HTTP/11" 200 None
2024-07-28 04:35:37,318 DEBUG:response code=200
2024-07-28 04:35:37,318 DEBUG:   Exiting get()
2024-07-28 04:35:37,321 DEBUG:KO: yfinance received OHLC data: 2024-07-26 13:30:00 -> 2024-07-26 20:00:00
2024-07-28 04:35:37,326 DEBUG:KO: OHLC after cleaning: 2024-07-26 09:30:00-04:00 -> 2024-07-26 15:59:00-04:00
2024-07-28 04:35:37,328 DEBUG:KO: OHLC after combining events: 2024-07-26 09:30:00-04:00 -> 2024-07-26 15:59:00-04:00
2024-07-28 04:35:37,330 DEBUG:KO: yfinance returning OHLC: 2024-07-26 09:30:00-04:00 -> 2024-07-26 15:59:00-04:00
2024-07-28 04:35:37,330 DEBUG:  Exiting history()
2024-07-28 04:35:37,330 DEBUG: Exiting history()
2024-07-28 04:35:37,330 DEBUG: Entering history()
2024-07-28 04:35:37,330 DEBUG:('SELECT "t1"."key", "t1"."value" FROM "_kv" AS "t1" WHERE ("t1"."key" = ?) LIMIT ? OFFSET ?', ['META', 1, 0])
2024-07-28 04:35:37,331 DEBUG:  Entering history()
2024-07-28 04:35:37,331 DEBUG:META: Yahoo GET parameters: {'range': '1d', 'interval': '1m', 'includePrePost': False, 'events': 'div,splits,capitalGains'}
2024-07-28 04:35:37,331 DEBUG:   Entering get()
2024-07-28 04:35:37,331 DEBUG:url=https://query2.finance.yahoo.com/v8/finance/chart/META
2024-07-28 04:35:37,331 DEBUG:params={'range': '1d', 'interval': '1m', 'includePrePost': False, 'events': 'div,splits,capitalGains'}
2024-07-28 04:35:37,331 DEBUG:    Entering _get_cookie_and_crumb()
2024-07-28 04:35:37,331 DEBUG:cookie_mode = 'basic'
2024-07-28 04:35:37,331 DEBUG:     Entering _get_cookie_and_crumb_basic()
2024-07-28 04:35:37,331 DEBUG:reusing cookie
2024-07-28 04:35:37,331 DEBUG:reusing crumb
2024-07-28 04:35:37,331 DEBUG:     Exiting _get_cookie_and_crumb_basic()
2024-07-28 04:35:37,331 DEBUG:    Exiting _get_cookie_and_crumb()
2024-07-28 04:35:37,379 DEBUG:https://query2.finance.yahoo.com:443 "GET /v8/finance/chart/META?range=1d&interval=1m&includePrePost=False&events=div%2Csplits%2CcapitalGains&crumb=ugxiv6L7VQC HTTP/11" 200 None
2024-07-28 04:35:37,380 DEBUG:response code=200
2024-07-28 04:35:37,380 DEBUG:   Exiting get()
2024-07-28 04:35:37,383 DEBUG:META: yfinance received OHLC data: 2024-07-26 13:30:00 -> 2024-07-26 20:00:00
2024-07-28 04:35:37,388 DEBUG:META: OHLC after cleaning: 2024-07-26 09:30:00-04:00 -> 2024-07-26 15:59:00-04:00
2024-07-28 04:35:37,390 DEBUG:META: OHLC after combining events: 2024-07-26 09:30:00-04:00 -> 2024-07-26 15:59:00-04:00
2024-07-28 04:35:37,392 DEBUG:META: yfinance returning OHLC: 2024-07-26 09:30:00-04:00 -> 2024-07-26 15:59:00-04:00
2024-07-28 04:35:37,392 DEBUG:  Exiting history()
2024-07-28 04:35:37,392 DEBUG: Exiting history()
2024-07-28 04:35:37,392 DEBUG: Entering history()
2024-07-28 04:35:37,392 DEBUG:('SELECT "t1"."key", "t1"."value" FROM "_kv" AS "t1" WHERE ("t1"."key" = ?) LIMIT ? OFFSET ?', ['^N225', 1, 0])
2024-07-28 04:35:37,394 DEBUG:  Entering history()
2024-07-28 04:35:37,394 DEBUG:^N225: Yahoo GET parameters: {'range': '1d', 'interval': '1m', 'includePrePost': False, 'events': 'div,splits,capitalGains'}
2024-07-28 04:35:37,394 DEBUG:   Entering get()
2024-07-28 04:35:37,394 DEBUG:url=https://query2.finance.yahoo.com/v8/finance/chart/^N225
2024-07-28 04:35:37,394 DEBUG:params={'range': '1d', 'interval': '1m', 'includePrePost': False, 'events': 'div,splits,capitalGains'}
2024-07-28 04:35:37,394 DEBUG:    Entering _get_cookie_and_crumb()
2024-07-28 04:35:37,394 DEBUG:cookie_mode = 'basic'
2024-07-28 04:35:37,394 DEBUG:     Entering _get_cookie_and_crumb_basic()
2024-07-28 04:35:37,394 DEBUG:reusing cookie
2024-07-28 04:35:37,394 DEBUG:reusing crumb
2024-07-28 04:35:37,394 DEBUG:     Exiting _get_cookie_and_crumb_basic()
2024-07-28 04:35:37,394 DEBUG:    Exiting _get_cookie_and_crumb()
2024-07-28 04:35:37,438 DEBUG:https://query2.finance.yahoo.com:443 "GET /v8/finance/chart/%5EN225?range=1d&interval=1m&includePrePost=False&events=div%2Csplits%2CcapitalGains&crumb=ugxiv6L7VQC HTTP/11" 200 None
2024-07-28 04:35:37,438 DEBUG:response code=200
2024-07-28 04:35:37,439 DEBUG:   Exiting get()
2024-07-28 04:35:37,440 DEBUG:^N225: yfinance received OHLC data: 2024-07-26 00:00:00 -> 2024-07-26 06:00:00
2024-07-28 04:35:37,445 DEBUG:^N225: OHLC after cleaning: 2024-07-26 09:00:00+09:00 -> 2024-07-26 14:59:00+09:00
2024-07-28 04:35:37,447 DEBUG:^N225: OHLC after combining events: 2024-07-26 09:00:00+09:00 -> 2024-07-26 14:59:00+09:00
2024-07-28 04:35:37,449 DEBUG:^N225: yfinance returning OHLC: 2024-07-26 09:00:00+09:00 -> 2024-07-26 14:59:00+09:00
2024-07-28 04:35:37,449 DEBUG:  Exiting history()
2024-07-28 04:35:37,449 DEBUG: Exiting history()
2024-07-28 04:35:37,449 DEBUG: Entering history()
2024-07-28 04:35:37,450 DEBUG:('SELECT "t1"."key", "t1"."value" FROM "_kv" AS "t1" WHERE ("t1"."key" = ?) LIMIT ? OFFSET ?', ['T', 1, 0])
2024-07-28 04:35:37,450 DEBUG:  Entering history()
2024-07-28 04:35:37,450 DEBUG:T: Yahoo GET parameters: {'range': '1d', 'interval': '1m', 'includePrePost': False, 'events': 'div,splits,capitalGains'}
2024-07-28 04:35:37,450 DEBUG:   Entering get()
2024-07-28 04:35:37,450 DEBUG:url=https://query2.finance.yahoo.com/v8/finance/chart/T
2024-07-28 04:35:37,450 DEBUG:params={'range': '1d', 'interval': '1m', 'includePrePost': False, 'events': 'div,splits,capitalGains'}
2024-07-28 04:35:37,450 DEBUG:    Entering _get_cookie_and_crumb()
2024-07-28 04:35:37,450 DEBUG:cookie_mode = 'basic'
2024-07-28 04:35:37,450 DEBUG:     Entering _get_cookie_and_crumb_basic()
2024-07-28 04:35:37,450 DEBUG:reusing cookie
2024-07-28 04:35:37,450 DEBUG:reusing crumb
2024-07-28 04:35:37,450 DEBUG:     Exiting _get_cookie_and_crumb_basic()
2024-07-28 04:35:37,450 DEBUG:    Exiting _get_cookie_and_crumb()
2024-07-28 04:35:37,501 DEBUG:https://query2.finance.yahoo.com:443 "GET /v8/finance/chart/T?range=1d&interval=1m&includePrePost=False&events=div%2Csplits%2CcapitalGains&crumb=ugxiv6L7VQC HTTP/11" 200 None
2024-07-28 04:35:37,503 DEBUG:response code=200
2024-07-28 04:35:37,503 DEBUG:   Exiting get()
2024-07-28 04:35:37,506 DEBUG:T: yfinance received OHLC data: 2024-07-26 13:30:00 -> 2024-07-26 20:00:00
2024-07-28 04:35:37,511 DEBUG:T: OHLC after cleaning: 2024-07-26 09:30:00-04:00 -> 2024-07-26 15:59:00-04:00
2024-07-28 04:35:37,513 DEBUG:T: OHLC after combining events: 2024-07-26 09:30:00-04:00 -> 2024-07-26 15:59:00-04:00
2024-07-28 04:35:37,515 DEBUG:T: yfinance returning OHLC: 2024-07-26 09:30:00-04:00 -> 2024-07-26 15:59:00-04:00
2024-07-28 04:35:37,515 DEBUG:  Exiting history()
2024-07-28 04:35:37,515 DEBUG: Exiting history()
2024-07-28 04:35:37,515 DEBUG: Entering history()
2024-07-28 04:35:37,516 DEBUG:('SELECT "t1"."key", "t1"."value" FROM "_kv" AS "t1" WHERE ("t1"."key" = ?) LIMIT ? OFFSET ?', ['VZ', 1, 0])
2024-07-28 04:35:37,516 DEBUG:  Entering history()
2024-07-28 04:35:37,516 DEBUG:VZ: Yahoo GET parameters: {'range': '1d', 'interval': '1m', 'includePrePost': False, 'events': 'div,splits,capitalGains'}
2024-07-28 04:35:37,516 DEBUG:   Entering get()
2024-07-28 04:35:37,516 DEBUG:url=https://query2.finance.yahoo.com/v8/finance/chart/VZ
2024-07-28 04:35:37,516 DEBUG:params={'range': '1d', 'interval': '1m', 'includePrePost': False, 'events': 'div,splits,capitalGains'}
2024-07-28 04:35:37,516 DEBUG:    Entering _get_cookie_and_crumb()
2024-07-28 04:35:37,516 DEBUG:cookie_mode = 'basic'
2024-07-28 04:35:37,516 DEBUG:     Entering _get_cookie_and_crumb_basic()
2024-07-28 04:35:37,516 DEBUG:reusing cookie
2024-07-28 04:35:37,516 DEBUG:reusing crumb
2024-07-28 04:35:37,517 DEBUG:     Exiting _get_cookie_and_crumb_basic()
2024-07-28 04:35:37,517 DEBUG:    Exiting _get_cookie_and_crumb()
2024-07-28 04:35:37,567 DEBUG:https://query2.finance.yahoo.com:443 "GET /v8/finance/chart/VZ?range=1d&interval=1m&includePrePost=False&events=div%2Csplits%2CcapitalGains&crumb=ugxiv6L7VQC HTTP/11" 200 None
2024-07-28 04:35:37,568 DEBUG:response code=200
2024-07-28 04:35:37,568 DEBUG:   Exiting get()
2024-07-28 04:35:37,572 DEBUG:VZ: yfinance received OHLC data: 2024-07-26 13:30:00 -> 2024-07-26 20:00:00
2024-07-28 04:35:37,576 DEBUG:VZ: OHLC after cleaning: 2024-07-26 09:30:00-04:00 -> 2024-07-26 15:59:00-04:00
2024-07-28 04:35:37,577 DEBUG:VZ: OHLC after combining events: 2024-07-26 09:30:00-04:00 -> 2024-07-26 15:59:00-04:00
2024-07-28 04:35:37,578 DEBUG:VZ: yfinance returning OHLC: 2024-07-26 09:30:00-04:00 -> 2024-07-26 15:59:00-04:00
2024-07-28 04:35:37,578 DEBUG:  Exiting history()
2024-07-28 04:35:37,578 DEBUG: Exiting history()
2024-07-28 04:35:37,579 DEBUG: Entering history()
2024-07-28 04:35:37,579 DEBUG:('SELECT "t1"."key", "t1"."value" FROM "_kv" AS "t1" WHERE ("t1"."key" = ?) LIMIT ? OFFSET ?', ['PEP', 1, 0])
2024-07-28 04:35:37,579 DEBUG:  Entering history()
2024-07-28 04:35:37,579 DEBUG:PEP: Yahoo GET parameters: {'range': '1d', 'interval': '1m', 'includePrePost': False, 'events': 'div,splits,capitalGains'}
2024-07-28 04:35:37,579 DEBUG:   Entering get()
2024-07-28 04:35:37,579 DEBUG:url=https://query2.finance.yahoo.com/v8/finance/chart/PEP
2024-07-28 04:35:37,579 DEBUG:params={'range': '1d', 'interval': '1m', 'includePrePost': False, 'events': 'div,splits,capitalGains'}
2024-07-28 04:35:37,579 DEBUG:    Entering _get_cookie_and_crumb()
2024-07-28 04:35:37,579 DEBUG:cookie_mode = 'basic'
2024-07-28 04:35:37,579 DEBUG:     Entering _get_cookie_and_crumb_basic()
2024-07-28 04:35:37,579 DEBUG:reusing cookie
2024-07-28 04:35:37,579 DEBUG:reusing crumb
2024-07-28 04:35:37,579 DEBUG:     Exiting _get_cookie_and_crumb_basic()
2024-07-28 04:35:37,579 DEBUG:    Exiting _get_cookie_and_crumb()
2024-07-28 04:35:37,624 DEBUG:https://query2.finance.yahoo.com:443 "GET /v8/finance/chart/PEP?range=1d&interval=1m&includePrePost=False&events=div%2Csplits%2CcapitalGains&crumb=ugxiv6L7VQC HTTP/11" 200 None
2024-07-28 04:35:37,625 DEBUG:response code=200
2024-07-28 04:35:37,625 DEBUG:   Exiting get()
2024-07-28 04:35:37,627 DEBUG:PEP: yfinance received OHLC data: 2024-07-26 13:30:00 -> 2024-07-26 20:00:00
2024-07-28 04:35:37,631 DEBUG:PEP: OHLC after cleaning: 2024-07-26 09:30:00-04:00 -> 2024-07-26 15:59:00-04:00
2024-07-28 04:35:37,633 DEBUG:PEP: OHLC after combining events: 2024-07-26 09:30:00-04:00 -> 2024-07-26 15:59:00-04:00
2024-07-28 04:35:37,634 DEBUG:PEP: yfinance returning OHLC: 2024-07-26 09:30:00-04:00 -> 2024-07-26 15:59:00-04:00
2024-07-28 04:35:37,634 DEBUG:  Exiting history()
2024-07-28 04:35:37,634 DEBUG: Exiting history()
2024-07-28 04:35:37,634 DEBUG: Entering history()
2024-07-28 04:35:37,634 DEBUG:('SELECT "t1"."key", "t1"."value" FROM "_kv" AS "t1" WHERE ("t1"."key" = ?) LIMIT ? OFFSET ?', ['NVDA', 1, 0])
2024-07-28 04:35:37,634 DEBUG:  Entering history()
2024-07-28 04:35:37,635 DEBUG:NVDA: Yahoo GET parameters: {'range': '1d', 'interval': '1m', 'includePrePost': False, 'events': 'div,splits,capitalGains'}
2024-07-28 04:35:37,635 DEBUG:   Entering get()
2024-07-28 04:35:37,635 DEBUG:url=https://query2.finance.yahoo.com/v8/finance/chart/NVDA
2024-07-28 04:35:37,635 DEBUG:params={'range': '1d', 'interval': '1m', 'includePrePost': False, 'events': 'div,splits,capitalGains'}
2024-07-28 04:35:37,635 DEBUG:    Entering _get_cookie_and_crumb()
2024-07-28 04:35:37,635 DEBUG:cookie_mode = 'basic'
2024-07-28 04:35:37,635 DEBUG:     Entering _get_cookie_and_crumb_basic()
2024-07-28 04:35:37,635 DEBUG:reusing cookie
2024-07-28 04:35:37,635 DEBUG:reusing crumb
2024-07-28 04:35:37,635 DEBUG:     Exiting _get_cookie_and_crumb_basic()
2024-07-28 04:35:37,635 DEBUG:    Exiting _get_cookie_and_crumb()
2024-07-28 04:35:37,685 DEBUG:https://query2.finance.yahoo.com:443 "GET /v8/finance/chart/NVDA?range=1d&interval=1m&includePrePost=False&events=div%2Csplits%2CcapitalGains&crumb=ugxiv6L7VQC HTTP/11" 200 None
2024-07-28 04:35:37,686 DEBUG:response code=200
2024-07-28 04:35:37,686 DEBUG:   Exiting get()
2024-07-28 04:35:37,689 DEBUG:NVDA: yfinance received OHLC data: 2024-07-26 13:30:00 -> 2024-07-26 20:00:00
2024-07-28 04:35:37,694 DEBUG:NVDA: OHLC after cleaning: 2024-07-26 09:30:00-04:00 -> 2024-07-26 15:59:00-04:00
2024-07-28 04:35:37,695 DEBUG:NVDA: OHLC after combining events: 2024-07-26 09:30:00-04:00 -> 2024-07-26 15:59:00-04:00
2024-07-28 04:35:37,697 DEBUG:NVDA: yfinance returning OHLC: 2024-07-26 09:30:00-04:00 -> 2024-07-26 15:59:00-04:00
2024-07-28 04:35:37,697 DEBUG:  Exiting history()
2024-07-28 04:35:37,697 DEBUG: Exiting history()
2024-07-28 04:35:37,697 DEBUG: Entering history()
2024-07-28 04:35:37,698 DEBUG:('SELECT "t1"."key", "t1"."value" FROM "_kv" AS "t1" WHERE ("t1"."key" = ?) LIMIT ? OFFSET ?', ['BA', 1, 0])
2024-07-28 04:35:37,698 DEBUG:  Entering history()
2024-07-28 04:35:37,698 DEBUG:BA: Yahoo GET parameters: {'range': '1d', 'interval': '1m', 'includePrePost': False, 'events': 'div,splits,capitalGains'}
2024-07-28 04:35:37,698 DEBUG:   Entering get()
2024-07-28 04:35:37,698 DEBUG:url=https://query2.finance.yahoo.com/v8/finance/chart/BA
2024-07-28 04:35:37,698 DEBUG:params={'range': '1d', 'interval': '1m', 'includePrePost': False, 'events': 'div,splits,capitalGains'}
2024-07-28 04:35:37,698 DEBUG:    Entering _get_cookie_and_crumb()
2024-07-28 04:35:37,698 DEBUG:cookie_mode = 'basic'
2024-07-28 04:35:37,698 DEBUG:     Entering _get_cookie_and_crumb_basic()
2024-07-28 04:35:37,698 DEBUG:reusing cookie
2024-07-28 04:35:37,698 DEBUG:reusing crumb
2024-07-28 04:35:37,698 DEBUG:     Exiting _get_cookie_and_crumb_basic()
2024-07-28 04:35:37,698 DEBUG:    Exiting _get_cookie_and_crumb()
2024-07-28 04:35:37,748 DEBUG:https://query2.finance.yahoo.com:443 "GET /v8/finance/chart/BA?range=1d&interval=1m&includePrePost=False&events=div%2Csplits%2CcapitalGains&crumb=ugxiv6L7VQC HTTP/11" 200 None
2024-07-28 04:35:37,749 DEBUG:response code=200
2024-07-28 04:35:37,749 DEBUG:   Exiting get()
2024-07-28 04:35:37,752 DEBUG:BA: yfinance received OHLC data: 2024-07-26 13:30:00 -> 2024-07-26 20:00:00
2024-07-28 04:35:37,758 DEBUG:BA: OHLC after cleaning: 2024-07-26 09:30:00-04:00 -> 2024-07-26 15:59:00-04:00
2024-07-28 04:35:37,759 DEBUG:BA: OHLC after combining events: 2024-07-26 09:30:00-04:00 -> 2024-07-26 15:59:00-04:00
2024-07-28 04:35:37,761 DEBUG:BA: yfinance returning OHLC: 2024-07-26 09:30:00-04:00 -> 2024-07-26 15:59:00-04:00
2024-07-28 04:35:37,761 DEBUG:  Exiting history()
2024-07-28 04:35:37,761 DEBUG: Exiting history()
2024-07-28 04:35:37,762 DEBUG: Entering history()
2024-07-28 04:35:37,762 DEBUG:('SELECT "t1"."key", "t1"."value" FROM "_kv" AS "t1" WHERE ("t1"."key" = ?) LIMIT ? OFFSET ?', ['AMZN', 1, 0])
2024-07-28 04:35:37,762 DEBUG:  Entering history()
2024-07-28 04:35:37,762 DEBUG:AMZN: Yahoo GET parameters: {'range': '1d', 'interval': '1m', 'includePrePost': False, 'events': 'div,splits,capitalGains'}
2024-07-28 04:35:37,762 DEBUG:   Entering get()
2024-07-28 04:35:37,762 DEBUG:url=https://query2.finance.yahoo.com/v8/finance/chart/AMZN
2024-07-28 04:35:37,762 DEBUG:params={'range': '1d', 'interval': '1m', 'includePrePost': False, 'events': 'div,splits,capitalGains'}
2024-07-28 04:35:37,762 DEBUG:    Entering _get_cookie_and_crumb()
2024-07-28 04:35:37,762 DEBUG:cookie_mode = 'basic'
2024-07-28 04:35:37,763 DEBUG:     Entering _get_cookie_and_crumb_basic()
2024-07-28 04:35:37,763 DEBUG:reusing cookie
2024-07-28 04:35:37,763 DEBUG:reusing crumb
2024-07-28 04:35:37,763 DEBUG:     Exiting _get_cookie_and_crumb_basic()
2024-07-28 04:35:37,763 DEBUG:    Exiting _get_cookie_and_crumb()
2024-07-28 04:35:37,817 DEBUG:https://query2.finance.yahoo.com:443 "GET /v8/finance/chart/AMZN?range=1d&interval=1m&includePrePost=False&events=div%2Csplits%2CcapitalGains&crumb=ugxiv6L7VQC HTTP/11" 200 None
2024-07-28 04:35:37,818 DEBUG:response code=200
2024-07-28 04:35:37,819 DEBUG:   Exiting get()
2024-07-28 04:35:37,822 DEBUG:AMZN: yfinance received OHLC data: 2024-07-26 13:30:00 -> 2024-07-26 20:00:00
2024-07-28 04:35:37,829 DEBUG:AMZN: OHLC after cleaning: 2024-07-26 09:30:00-04:00 -> 2024-07-26 15:59:00-04:00
2024-07-28 04:35:37,830 DEBUG:AMZN: OHLC after combining events: 2024-07-26 09:30:00-04:00 -> 2024-07-26 15:59:00-04:00
2024-07-28 04:35:37,832 DEBUG:AMZN: yfinance returning OHLC: 2024-07-26 09:30:00-04:00 -> 2024-07-26 15:59:00-04:00
2024-07-28 04:35:37,832 DEBUG:  Exiting history()
2024-07-28 04:35:37,833 DEBUG: Exiting history()
2024-07-28 04:35:37,833 DEBUG: Entering history()
2024-07-28 04:35:37,833 DEBUG:('SELECT "t1"."key", "t1"."value" FROM "_kv" AS "t1" WHERE ("t1"."key" = ?) LIMIT ? OFFSET ?', ['PYPL', 1, 0])
2024-07-28 04:35:37,833 DEBUG:  Entering history()
2024-07-28 04:35:37,833 DEBUG:PYPL: Yahoo GET parameters: {'range': '1d', 'interval': '1m', 'includePrePost': False, 'events': 'div,splits,capitalGains'}
2024-07-28 04:35:37,833 DEBUG:   Entering get()
2024-07-28 04:35:37,833 DEBUG:url=https://query2.finance.yahoo.com/v8/finance/chart/PYPL
2024-07-28 04:35:37,833 DEBUG:params={'range': '1d', 'interval': '1m', 'includePrePost': False, 'events': 'div,splits,capitalGains'}
2024-07-28 04:35:37,833 DEBUG:    Entering _get_cookie_and_crumb()
2024-07-28 04:35:37,833 DEBUG:cookie_mode = 'basic'
2024-07-28 04:35:37,833 DEBUG:     Entering _get_cookie_and_crumb_basic()
2024-07-28 04:35:37,833 DEBUG:reusing cookie
2024-07-28 04:35:37,833 DEBUG:reusing crumb
2024-07-28 04:35:37,833 DEBUG:     Exiting _get_cookie_and_crumb_basic()
2024-07-28 04:35:37,833 DEBUG:    Exiting _get_cookie_and_crumb()
2024-07-28 04:35:37,878 DEBUG:https://query2.finance.yahoo.com:443 "GET /v8/finance/chart/PYPL?range=1d&interval=1m&includePrePost=False&events=div%2Csplits%2CcapitalGains&crumb=ugxiv6L7VQC HTTP/11" 200 None
2024-07-28 04:35:37,879 DEBUG:response code=200
2024-07-28 04:35:37,879 DEBUG:   Exiting get()
2024-07-28 04:35:37,882 DEBUG:PYPL: yfinance received OHLC data: 2024-07-26 13:30:00 -> 2024-07-26 20:00:00
2024-07-28 04:35:37,887 DEBUG:PYPL: OHLC after cleaning: 2024-07-26 09:30:00-04:00 -> 2024-07-26 15:59:00-04:00
2024-07-28 04:35:37,889 DEBUG:PYPL: OHLC after combining events: 2024-07-26 09:30:00-04:00 -> 2024-07-26 15:59:00-04:00
2024-07-28 04:35:37,891 DEBUG:PYPL: yfinance returning OHLC: 2024-07-26 09:30:00-04:00 -> 2024-07-26 15:59:00-04:00
2024-07-28 04:35:37,891 DEBUG:  Exiting history()
2024-07-28 04:35:37,891 DEBUG: Exiting history()
2024-07-28 04:35:37,891 DEBUG: Entering history()
2024-07-28 04:35:37,892 DEBUG:('SELECT "t1"."key", "t1"."value" FROM "_kv" AS "t1" WHERE ("t1"."key" = ?) LIMIT ? OFFSET ?', ['PG', 1, 0])
2024-07-28 04:35:37,892 DEBUG:  Entering history()
2024-07-28 04:35:37,892 DEBUG:PG: Yahoo GET parameters: {'range': '1d', 'interval': '1m', 'includePrePost': False, 'events': 'div,splits,capitalGains'}
2024-07-28 04:35:37,892 DEBUG:   Entering get()
2024-07-28 04:35:37,892 DEBUG:url=https://query2.finance.yahoo.com/v8/finance/chart/PG
2024-07-28 04:35:37,892 DEBUG:params={'range': '1d', 'interval': '1m', 'includePrePost': False, 'events': 'div,splits,capitalGains'}
2024-07-28 04:35:37,892 DEBUG:    Entering _get_cookie_and_crumb()
2024-07-28 04:35:37,892 DEBUG:cookie_mode = 'basic'
2024-07-28 04:35:37,892 DEBUG:     Entering _get_cookie_and_crumb_basic()
2024-07-28 04:35:37,892 DEBUG:reusing cookie
2024-07-28 04:35:37,892 DEBUG:reusing crumb
2024-07-28 04:35:37,892 DEBUG:     Exiting _get_cookie_and_crumb_basic()
2024-07-28 04:35:37,892 DEBUG:    Exiting _get_cookie_and_crumb()
2024-07-28 04:35:37,939 DEBUG:https://query2.finance.yahoo.com:443 "GET /v8/finance/chart/PG?range=1d&interval=1m&includePrePost=False&events=div%2Csplits%2CcapitalGains&crumb=ugxiv6L7VQC HTTP/11" 200 None
2024-07-28 04:35:37,940 DEBUG:response code=200
2024-07-28 04:35:37,940 DEBUG:   Exiting get()
2024-07-28 04:35:37,944 DEBUG:PG: yfinance received OHLC data: 2024-07-26 13:30:00 -> 2024-07-26 20:00:00
2024-07-28 04:35:37,949 DEBUG:PG: OHLC after cleaning: 2024-07-26 09:30:00-04:00 -> 2024-07-26 15:59:00-04:00
2024-07-28 04:35:37,951 DEBUG:PG: OHLC after combining events: 2024-07-26 09:30:00-04:00 -> 2024-07-26 15:59:00-04:00
2024-07-28 04:35:37,953 DEBUG:PG: yfinance returning OHLC: 2024-07-26 09:30:00-04:00 -> 2024-07-26 15:59:00-04:00
2024-07-28 04:35:37,953 DEBUG:  Exiting history()
2024-07-28 04:35:37,953 DEBUG: Exiting history()
2024-07-28 04:35:37,953 DEBUG: Entering history()
2024-07-28 04:35:37,954 DEBUG:('SELECT "t1"."key", "t1"."value" FROM "_kv" AS "t1" WHERE ("t1"."key" = ?) LIMIT ? OFFSET ?', ['CVX', 1, 0])
2024-07-28 04:35:37,954 DEBUG:  Entering history()
2024-07-28 04:35:37,954 DEBUG:CVX: Yahoo GET parameters: {'range': '1d', 'interval': '1m', 'includePrePost': False, 'events': 'div,splits,capitalGains'}
2024-07-28 04:35:37,954 DEBUG:   Entering get()
2024-07-28 04:35:37,954 DEBUG:url=https://query2.finance.yahoo.com/v8/finance/chart/CVX
2024-07-28 04:35:37,954 DEBUG:params={'range': '1d', 'interval': '1m', 'includePrePost': False, 'events': 'div,splits,capitalGains'}
2024-07-28 04:35:37,954 DEBUG:    Entering _get_cookie_and_crumb()
2024-07-28 04:35:37,954 DEBUG:cookie_mode = 'basic'
2024-07-28 04:35:37,954 DEBUG:     Entering _get_cookie_and_crumb_basic()
2024-07-28 04:35:37,954 DEBUG:reusing cookie
2024-07-28 04:35:37,954 DEBUG:reusing crumb
2024-07-28 04:35:37,954 DEBUG:     Exiting _get_cookie_and_crumb_basic()
2024-07-28 04:35:37,954 DEBUG:    Exiting _get_cookie_and_crumb()
2024-07-28 04:35:38,002 DEBUG:https://query2.finance.yahoo.com:443 "GET /v8/finance/chart/CVX?range=1d&interval=1m&includePrePost=False&events=div%2Csplits%2CcapitalGains&crumb=ugxiv6L7VQC HTTP/11" 200 None
2024-07-28 04:35:38,003 DEBUG:response code=200
2024-07-28 04:35:38,003 DEBUG:   Exiting get()
2024-07-28 04:35:38,006 DEBUG:CVX: yfinance received OHLC data: 2024-07-26 13:30:00 -> 2024-07-26 20:00:00
2024-07-28 04:35:38,011 DEBUG:CVX: OHLC after cleaning: 2024-07-26 09:30:00-04:00 -> 2024-07-26 15:59:00-04:00
2024-07-28 04:35:38,012 DEBUG:CVX: OHLC after combining events: 2024-07-26 09:30:00-04:00 -> 2024-07-26 15:59:00-04:00
2024-07-28 04:35:38,015 DEBUG:CVX: yfinance returning OHLC: 2024-07-26 09:30:00-04:00 -> 2024-07-26 15:59:00-04:00
2024-07-28 04:35:38,015 DEBUG:  Exiting history()
2024-07-28 04:35:38,015 DEBUG: Exiting history()
2024-07-28 04:35:38,015 DEBUG: Entering history()
2024-07-28 04:35:38,016 DEBUG:('SELECT "t1"."key", "t1"."value" FROM "_kv" AS "t1" WHERE ("t1"."key" = ?) LIMIT ? OFFSET ?', ['CSCO', 1, 0])
2024-07-28 04:35:38,016 DEBUG:  Entering history()
2024-07-28 04:35:38,016 DEBUG:CSCO: Yahoo GET parameters: {'range': '1d', 'interval': '1m', 'includePrePost': False, 'events': 'div,splits,capitalGains'}
2024-07-28 04:35:38,016 DEBUG:   Entering get()
2024-07-28 04:35:38,016 DEBUG:url=https://query2.finance.yahoo.com/v8/finance/chart/CSCO
2024-07-28 04:35:38,016 DEBUG:params={'range': '1d', 'interval': '1m', 'includePrePost': False, 'events': 'div,splits,capitalGains'}
2024-07-28 04:35:38,016 DEBUG:    Entering _get_cookie_and_crumb()
2024-07-28 04:35:38,016 DEBUG:cookie_mode = 'basic'
2024-07-28 04:35:38,016 DEBUG:     Entering _get_cookie_and_crumb_basic()
2024-07-28 04:35:38,016 DEBUG:reusing cookie
2024-07-28 04:35:38,016 DEBUG:reusing crumb
2024-07-28 04:35:38,017 DEBUG:     Exiting _get_cookie_and_crumb_basic()
2024-07-28 04:35:38,017 DEBUG:    Exiting _get_cookie_and_crumb()
2024-07-28 04:35:38,065 DEBUG:https://query2.finance.yahoo.com:443 "GET /v8/finance/chart/CSCO?range=1d&interval=1m&includePrePost=False&events=div%2Csplits%2CcapitalGains&crumb=ugxiv6L7VQC HTTP/11" 200 None
2024-07-28 04:35:38,066 DEBUG:response code=200
2024-07-28 04:35:38,066 DEBUG:   Exiting get()
2024-07-28 04:35:38,070 DEBUG:CSCO: yfinance received OHLC data: 2024-07-26 13:30:00 -> 2024-07-26 20:00:00
2024-07-28 04:35:38,074 DEBUG:CSCO: OHLC after cleaning: 2024-07-26 09:30:00-04:00 -> 2024-07-26 15:59:00-04:00
2024-07-28 04:35:38,076 DEBUG:CSCO: OHLC after combining events: 2024-07-26 09:30:00-04:00 -> 2024-07-26 15:59:00-04:00
2024-07-28 04:35:38,078 DEBUG:CSCO: yfinance returning OHLC: 2024-07-26 09:30:00-04:00 -> 2024-07-26 15:59:00-04:00
2024-07-28 04:35:38,078 DEBUG:  Exiting history()
2024-07-28 04:35:38,078 DEBUG: Exiting history()
2024-07-28 04:35:38,078 DEBUG: Entering history()
2024-07-28 04:35:38,078 DEBUG:('SELECT "t1"."key", "t1"."value" FROM "_kv" AS "t1" WHERE ("t1"."key" = ?) LIMIT ? OFFSET ?', ['XOM', 1, 0])
2024-07-28 04:35:38,078 DEBUG:  Entering history()
2024-07-28 04:35:38,078 DEBUG:XOM: Yahoo GET parameters: {'range': '1d', 'interval': '1m', 'includePrePost': False, 'events': 'div,splits,capitalGains'}
2024-07-28 04:35:38,078 DEBUG:   Entering get()
2024-07-28 04:35:38,078 DEBUG:url=https://query2.finance.yahoo.com/v8/finance/chart/XOM
2024-07-28 04:35:38,078 DEBUG:params={'range': '1d', 'interval': '1m', 'includePrePost': False, 'events': 'div,splits,capitalGains'}
2024-07-28 04:35:38,078 DEBUG:    Entering _get_cookie_and_crumb()
2024-07-28 04:35:38,078 DEBUG:cookie_mode = 'basic'
2024-07-28 04:35:38,079 DEBUG:     Entering _get_cookie_and_crumb_basic()
2024-07-28 04:35:38,079 DEBUG:reusing cookie
2024-07-28 04:35:38,079 DEBUG:reusing crumb
2024-07-28 04:35:38,079 DEBUG:     Exiting _get_cookie_and_crumb_basic()
2024-07-28 04:35:38,079 DEBUG:    Exiting _get_cookie_and_crumb()
2024-07-28 04:35:38,127 DEBUG:https://query2.finance.yahoo.com:443 "GET /v8/finance/chart/XOM?range=1d&interval=1m&includePrePost=False&events=div%2Csplits%2CcapitalGains&crumb=ugxiv6L7VQC HTTP/11" 200 None
2024-07-28 04:35:38,128 DEBUG:response code=200
2024-07-28 04:35:38,128 DEBUG:   Exiting get()
2024-07-28 04:35:38,130 DEBUG:XOM: yfinance received OHLC data: 2024-07-26 13:30:00 -> 2024-07-26 20:00:00
2024-07-28 04:35:38,136 DEBUG:XOM: OHLC after cleaning: 2024-07-26 09:30:00-04:00 -> 2024-07-26 15:59:00-04:00
2024-07-28 04:35:38,138 DEBUG:XOM: OHLC after combining events: 2024-07-26 09:30:00-04:00 -> 2024-07-26 15:59:00-04:00
2024-07-28 04:35:38,140 DEBUG:XOM: yfinance returning OHLC: 2024-07-26 09:30:00-04:00 -> 2024-07-26 15:59:00-04:00
2024-07-28 04:35:38,140 DEBUG:  Exiting history()
2024-07-28 04:35:38,140 DEBUG: Exiting history()
2024-07-28 04:35:38,140 DEBUG: Entering history()
2024-07-28 04:35:38,141 DEBUG:('SELECT "t1"."key", "t1"."value" FROM "_kv" AS "t1" WHERE ("t1"."key" = ?) LIMIT ? OFFSET ?', ['NKE', 1, 0])
2024-07-28 04:35:38,141 DEBUG:  Entering history()
2024-07-28 04:35:38,141 DEBUG:NKE: Yahoo GET parameters: {'range': '1d', 'interval': '1m', 'includePrePost': False, 'events': 'div,splits,capitalGains'}
2024-07-28 04:35:38,141 DEBUG:   Entering get()
2024-07-28 04:35:38,141 DEBUG:url=https://query2.finance.yahoo.com/v8/finance/chart/NKE
2024-07-28 04:35:38,141 DEBUG:params={'range': '1d', 'interval': '1m', 'includePrePost': False, 'events': 'div,splits,capitalGains'}
2024-07-28 04:35:38,141 DEBUG:    Entering _get_cookie_and_crumb()
2024-07-28 04:35:38,141 DEBUG:cookie_mode = 'basic'
2024-07-28 04:35:38,141 DEBUG:     Entering _get_cookie_and_crumb_basic()
2024-07-28 04:35:38,141 DEBUG:reusing cookie
2024-07-28 04:35:38,141 DEBUG:reusing crumb
2024-07-28 04:35:38,141 DEBUG:     Exiting _get_cookie_and_crumb_basic()
2024-07-28 04:35:38,141 DEBUG:    Exiting _get_cookie_and_crumb()
2024-07-28 04:35:38,220 DEBUG:https://query2.finance.yahoo.com:443 "GET /v8/finance/chart/NKE?range=1d&interval=1m&includePrePost=False&events=div%2Csplits%2CcapitalGains&crumb=ugxiv6L7VQC HTTP/11" 200 None
2024-07-28 04:35:38,221 DEBUG:response code=200
2024-07-28 04:35:38,221 DEBUG:   Exiting get()
2024-07-28 04:35:38,223 DEBUG:NKE: yfinance received OHLC data: 2024-07-26 13:30:00 -> 2024-07-26 20:00:00
2024-07-28 04:35:38,228 DEBUG:NKE: OHLC after cleaning: 2024-07-26 09:30:00-04:00 -> 2024-07-26 15:59:00-04:00
2024-07-28 04:35:38,230 DEBUG:NKE: OHLC after combining events: 2024-07-26 09:30:00-04:00 -> 2024-07-26 15:59:00-04:00
2024-07-28 04:35:38,232 DEBUG:NKE: yfinance returning OHLC: 2024-07-26 09:30:00-04:00 -> 2024-07-26 15:59:00-04:00
2024-07-28 04:35:38,232 DEBUG:  Exiting history()
2024-07-28 04:35:38,232 DEBUG: Exiting history()
2024-07-28 04:35:38,232 DEBUG: Entering history()
2024-07-28 04:35:38,233 DEBUG:('SELECT "t1"."key", "t1"."value" FROM "_kv" AS "t1" WHERE ("t1"."key" = ?) LIMIT ? OFFSET ?', ['NFLX', 1, 0])
2024-07-28 04:35:38,233 DEBUG:  Entering history()
2024-07-28 04:35:38,233 DEBUG:NFLX: Yahoo GET parameters: {'range': '1d', 'interval': '1m', 'includePrePost': False, 'events': 'div,splits,capitalGains'}
2024-07-28 04:35:38,233 DEBUG:   Entering get()
2024-07-28 04:35:38,233 DEBUG:url=https://query2.finance.yahoo.com/v8/finance/chart/NFLX
2024-07-28 04:35:38,233 DEBUG:params={'range': '1d', 'interval': '1m', 'includePrePost': False, 'events': 'div,splits,capitalGains'}
2024-07-28 04:35:38,233 DEBUG:    Entering _get_cookie_and_crumb()
2024-07-28 04:35:38,233 DEBUG:cookie_mode = 'basic'
2024-07-28 04:35:38,233 DEBUG:     Entering _get_cookie_and_crumb_basic()
2024-07-28 04:35:38,233 DEBUG:reusing cookie
2024-07-28 04:35:38,233 DEBUG:reusing crumb
2024-07-28 04:35:38,233 DEBUG:     Exiting _get_cookie_and_crumb_basic()
2024-07-28 04:35:38,233 DEBUG:    Exiting _get_cookie_and_crumb()
2024-07-28 04:35:38,284 DEBUG:https://query2.finance.yahoo.com:443 "GET /v8/finance/chart/NFLX?range=1d&interval=1m&includePrePost=False&events=div%2Csplits%2CcapitalGains&crumb=ugxiv6L7VQC HTTP/11" 200 None
2024-07-28 04:35:38,285 DEBUG:response code=200
2024-07-28 04:35:38,285 DEBUG:   Exiting get()
2024-07-28 04:35:38,289 DEBUG:NFLX: yfinance received OHLC data: 2024-07-26 13:30:00 -> 2024-07-26 20:00:00
2024-07-28 04:35:38,294 DEBUG:NFLX: OHLC after cleaning: 2024-07-26 09:30:00-04:00 -> 2024-07-26 15:59:00-04:00
2024-07-28 04:35:38,295 DEBUG:NFLX: OHLC after combining events: 2024-07-26 09:30:00-04:00 -> 2024-07-26 15:59:00-04:00
2024-07-28 04:35:38,297 DEBUG:NFLX: yfinance returning OHLC: 2024-07-26 09:30:00-04:00 -> 2024-07-26 15:59:00-04:00
2024-07-28 04:35:38,298 DEBUG:  Exiting history()
2024-07-28 04:35:38,298 DEBUG: Exiting history()
2024-07-28 04:35:38,298 DEBUG: Entering history()
2024-07-28 04:35:38,298 DEBUG:('SELECT "t1"."key", "t1"."value" FROM "_kv" AS "t1" WHERE ("t1"."key" = ?) LIMIT ? OFFSET ?', ['DIS', 1, 0])
2024-07-28 04:35:38,298 DEBUG:  Entering history()
2024-07-28 04:35:38,298 DEBUG:DIS: Yahoo GET parameters: {'range': '1d', 'interval': '1m', 'includePrePost': False, 'events': 'div,splits,capitalGains'}
2024-07-28 04:35:38,298 DEBUG:   Entering get()
2024-07-28 04:35:38,298 DEBUG:url=https://query2.finance.yahoo.com/v8/finance/chart/DIS
2024-07-28 04:35:38,299 DEBUG:params={'range': '1d', 'interval': '1m', 'includePrePost': False, 'events': 'div,splits,capitalGains'}
2024-07-28 04:35:38,299 DEBUG:    Entering _get_cookie_and_crumb()
2024-07-28 04:35:38,299 DEBUG:cookie_mode = 'basic'
2024-07-28 04:35:38,299 DEBUG:     Entering _get_cookie_and_crumb_basic()
2024-07-28 04:35:38,299 DEBUG:reusing cookie
2024-07-28 04:35:38,299 DEBUG:reusing crumb
2024-07-28 04:35:38,299 DEBUG:     Exiting _get_cookie_and_crumb_basic()
2024-07-28 04:35:38,299 DEBUG:    Exiting _get_cookie_and_crumb()
2024-07-28 04:35:38,361 DEBUG:https://query2.finance.yahoo.com:443 "GET /v8/finance/chart/DIS?range=1d&interval=1m&includePrePost=False&events=div%2Csplits%2CcapitalGains&crumb=ugxiv6L7VQC HTTP/11" 200 None
2024-07-28 04:35:38,363 DEBUG:response code=200
2024-07-28 04:35:38,363 DEBUG:   Exiting get()
2024-07-28 04:35:38,366 DEBUG:DIS: yfinance received OHLC data: 2024-07-26 13:30:00 -> 2024-07-26 20:00:00
2024-07-28 04:35:38,373 DEBUG:DIS: OHLC after cleaning: 2024-07-26 09:30:00-04:00 -> 2024-07-26 15:59:00-04:00
2024-07-28 04:35:38,374 DEBUG:DIS: OHLC after combining events: 2024-07-26 09:30:00-04:00 -> 2024-07-26 15:59:00-04:00
2024-07-28 04:35:38,377 DEBUG:DIS: yfinance returning OHLC: 2024-07-26 09:30:00-04:00 -> 2024-07-26 15:59:00-04:00
2024-07-28 04:35:38,377 DEBUG:  Exiting history()
2024-07-28 04:35:38,377 DEBUG: Exiting history()
2024-07-28 04:35:38,377 DEBUG: Entering history()
2024-07-28 04:35:38,377 DEBUG:('SELECT "t1"."key", "t1"."value" FROM "_kv" AS "t1" WHERE ("t1"."key" = ?) LIMIT ? OFFSET ?', ['MRK', 1, 0])
2024-07-28 04:35:38,377 DEBUG:  Entering history()
2024-07-28 04:35:38,378 DEBUG:MRK: Yahoo GET parameters: {'range': '1d', 'interval': '1m', 'includePrePost': False, 'events': 'div,splits,capitalGains'}
2024-07-28 04:35:38,378 DEBUG:   Entering get()
2024-07-28 04:35:38,378 DEBUG:url=https://query2.finance.yahoo.com/v8/finance/chart/MRK
2024-07-28 04:35:38,378 DEBUG:params={'range': '1d', 'interval': '1m', 'includePrePost': False, 'events': 'div,splits,capitalGains'}
2024-07-28 04:35:38,378 DEBUG:    Entering _get_cookie_and_crumb()
2024-07-28 04:35:38,378 DEBUG:cookie_mode = 'basic'
2024-07-28 04:35:38,378 DEBUG:     Entering _get_cookie_and_crumb_basic()
2024-07-28 04:35:38,378 DEBUG:reusing cookie
2024-07-28 04:35:38,378 DEBUG:reusing crumb
2024-07-28 04:35:38,378 DEBUG:     Exiting _get_cookie_and_crumb_basic()
2024-07-28 04:35:38,378 DEBUG:    Exiting _get_cookie_and_crumb()
2024-07-28 04:35:38,424 DEBUG:https://query2.finance.yahoo.com:443 "GET /v8/finance/chart/MRK?range=1d&interval=1m&includePrePost=False&events=div%2Csplits%2CcapitalGains&crumb=ugxiv6L7VQC HTTP/11" 200 None
2024-07-28 04:35:38,425 DEBUG:response code=200
2024-07-28 04:35:38,425 DEBUG:   Exiting get()
2024-07-28 04:35:38,428 DEBUG:MRK: yfinance received OHLC data: 2024-07-26 13:30:00 -> 2024-07-26 20:00:00
2024-07-28 04:35:38,433 DEBUG:MRK: OHLC after cleaning: 2024-07-26 09:30:00-04:00 -> 2024-07-26 15:59:00-04:00
2024-07-28 04:35:38,434 DEBUG:MRK: OHLC after combining events: 2024-07-26 09:30:00-04:00 -> 2024-07-26 15:59:00-04:00
2024-07-28 04:35:38,436 DEBUG:MRK: yfinance returning OHLC: 2024-07-26 09:30:00-04:00 -> 2024-07-26 15:59:00-04:00
2024-07-28 04:35:38,436 DEBUG:  Exiting history()
2024-07-28 04:35:38,437 DEBUG: Exiting history()
2024-07-28 04:35:38,437 DEBUG: Entering history()
2024-07-28 04:35:38,437 DEBUG:('SELECT "t1"."key", "t1"."value" FROM "_kv" AS "t1" WHERE ("t1"."key" = ?) LIMIT ? OFFSET ?', ['INTC', 1, 0])
2024-07-28 04:35:38,438 DEBUG:  Entering history()
2024-07-28 04:35:38,438 DEBUG:INTC: Yahoo GET parameters: {'range': '1d', 'interval': '1m', 'includePrePost': False, 'events': 'div,splits,capitalGains'}
2024-07-28 04:35:38,438 DEBUG:   Entering get()
2024-07-28 04:35:38,438 DEBUG:url=https://query2.finance.yahoo.com/v8/finance/chart/INTC
2024-07-28 04:35:38,438 DEBUG:params={'range': '1d', 'interval': '1m', 'includePrePost': False, 'events': 'div,splits,capitalGains'}
2024-07-28 04:35:38,438 DEBUG:    Entering _get_cookie_and_crumb()
2024-07-28 04:35:38,438 DEBUG:cookie_mode = 'basic'
2024-07-28 04:35:38,438 DEBUG:     Entering _get_cookie_and_crumb_basic()
2024-07-28 04:35:38,438 DEBUG:reusing cookie
2024-07-28 04:35:38,438 DEBUG:reusing crumb
2024-07-28 04:35:38,438 DEBUG:     Exiting _get_cookie_and_crumb_basic()
2024-07-28 04:35:38,438 DEBUG:    Exiting _get_cookie_and_crumb()
2024-07-28 04:35:38,496 DEBUG:https://query2.finance.yahoo.com:443 "GET /v8/finance/chart/INTC?range=1d&interval=1m&includePrePost=False&events=div%2Csplits%2CcapitalGains&crumb=ugxiv6L7VQC HTTP/11" 200 None
2024-07-28 04:35:38,497 DEBUG:response code=200
2024-07-28 04:35:38,497 DEBUG:   Exiting get()
2024-07-28 04:35:38,500 DEBUG:INTC: yfinance received OHLC data: 2024-07-26 13:30:00 -> 2024-07-26 20:00:00
2024-07-28 04:35:38,505 DEBUG:INTC: OHLC after cleaning: 2024-07-26 09:30:00-04:00 -> 2024-07-26 15:59:00-04:00
2024-07-28 04:35:38,507 DEBUG:INTC: OHLC after combining events: 2024-07-26 09:30:00-04:00 -> 2024-07-26 15:59:00-04:00
2024-07-28 04:35:38,509 DEBUG:INTC: yfinance returning OHLC: 2024-07-26 09:30:00-04:00 -> 2024-07-26 15:59:00-04:00
2024-07-28 04:35:38,510 DEBUG:  Exiting history()
2024-07-28 04:35:38,510 DEBUG: Exiting history()
2024-07-28 04:35:38,520 DEBUG:Exiting download()
2024-07-28 04:35:38,520 INFO:Data fetched successfully
2024-07-28 04:35:38,520 INFO:Calculating top movers
2024-07-28 04:35:38,536 INFO:Top movers calculated successfully
2024-07-28 04:35:38,573 DEBUG:CFD Data: Ticker                             HD                                                           ...       INTC                                                       
Price                            Open        High         Low       Close   Adj Close   Volume  ...       Open       High        Low      Close  Adj Close     Volume
Datetime                                                                                        ...                                                                  
2024-07-26 00:00:00+00:00         NaN         NaN         NaN         NaN         NaN      NaN  ...        NaN        NaN        NaN        NaN        NaN        NaN
2024-07-26 00:01:00+00:00         NaN         NaN         NaN         NaN         NaN      NaN  ...        NaN        NaN        NaN        NaN        NaN        NaN
2024-07-26 00:02:00+00:00         NaN         NaN         NaN         NaN         NaN      NaN  ...        NaN        NaN        NaN        NaN        NaN        NaN
2024-07-26 00:03:00+00:00         NaN         NaN         NaN         NaN         NaN      NaN  ...        NaN        NaN        NaN        NaN        NaN        NaN
2024-07-26 00:04:00+00:00         NaN         NaN         NaN         NaN         NaN      NaN  ...        NaN        NaN        NaN        NaN        NaN        NaN
...                               ...         ...         ...         ...         ...      ...  ...        ...        ...        ...        ...        ...        ...
2024-07-26 19:55:00+00:00  359.160004  359.160004  358.859985  359.005005  359.005005  17797.0  ...  31.209999  31.270000  31.209999  31.245001  31.245001   277340.0
2024-07-26 19:56:00+00:00  359.070007  359.130005  358.875000  359.089996  359.089996  25228.0  ...  31.245001  31.280001  31.230000  31.280001  31.280001   257608.0
2024-07-26 19:57:00+00:00  359.010010  359.290009  358.959991  359.242004  359.242004  24211.0  ...  31.275000  31.295000  31.260000  31.268000  31.268000   347522.0
2024-07-26 19:58:00+00:00  359.269989  359.510010  359.230011  359.380005  359.380005  39484.0  ...  31.269899  31.299999  31.250000  31.284300  31.284300   358343.0
2024-07-26 19:59:00+00:00  359.420013  359.880005  359.239990  359.609985  359.609985  82762.0  ...  31.282600  31.389999  31.282600  31.375000  31.375000  1046041.0

[692 rows x 168 columns]
2024-07-28 04:35:38,573 DEBUG:Top Gainers CFDs: []
2024-07-28 04:35:38,573 DEBUG:Top Losers CFDs: []
2024-07-28 04:35:38,573 INFO:Fetching Forex symbols using yfinance
2024-07-28 04:35:38,573 INFO:Forex symbols fetched successfully
2024-07-28 04:35:38,573 INFO:Fetching data for symbols using yfinance: ['EURUSD=X', 'GBPUSD=X', 'USDJPY=X', 'AUDUSD=X', 'USDCAD=X']
2024-07-28 04:35:38,573 DEBUG:Entering download()
2024-07-28 04:35:38,573 DEBUG:Disabling multithreading because DEBUG logging enabled
2024-07-28 04:35:38,573 DEBUG: Entering history()
2024-07-28 04:35:38,573 DEBUG:('SELECT "t1"."key", "t1"."value" FROM "_kv" AS "t1" WHERE ("t1"."key" = ?) LIMIT ? OFFSET ?', ['GBPUSD=X', 1, 0])
2024-07-28 04:35:38,574 DEBUG:  Entering history()
2024-07-28 04:35:38,574 DEBUG:GBPUSD=X: Yahoo GET parameters: {'range': '1mo', 'interval': '1d', 'includePrePost': False, 'events': 'div,splits,capitalGains'}
2024-07-28 04:35:38,574 DEBUG:   Entering get()
2024-07-28 04:35:38,574 DEBUG:url=https://query2.finance.yahoo.com/v8/finance/chart/GBPUSD=X
2024-07-28 04:35:38,574 DEBUG:params={'range': '1mo', 'interval': '1d', 'includePrePost': False, 'events': 'div,splits,capitalGains'}
2024-07-28 04:35:38,574 DEBUG:    Entering _get_cookie_and_crumb()
2024-07-28 04:35:38,574 DEBUG:cookie_mode = 'basic'
2024-07-28 04:35:38,574 DEBUG:     Entering _get_cookie_and_crumb_basic()
2024-07-28 04:35:38,574 DEBUG:reusing cookie
2024-07-28 04:35:38,574 DEBUG:reusing crumb
2024-07-28 04:35:38,574 DEBUG:     Exiting _get_cookie_and_crumb_basic()
2024-07-28 04:35:38,574 DEBUG:    Exiting _get_cookie_and_crumb()
2024-07-28 04:35:38,611 DEBUG:https://query2.finance.yahoo.com:443 "GET /v8/finance/chart/GBPUSD=X?range=1mo&interval=1d&includePrePost=False&events=div%2Csplits%2CcapitalGains&crumb=ugxiv6L7VQC HTTP/11" 200 1383
2024-07-28 04:35:38,611 DEBUG:response code=200
2024-07-28 04:35:38,611 DEBUG:   Exiting get()
2024-07-28 04:35:38,612 DEBUG:GBPUSD=X: yfinance received OHLC data: 2024-06-25 23:00:00 -> 2024-07-27 22:51:05
2024-07-28 04:35:38,613 DEBUG:GBPUSD=X: OHLC after cleaning: 2024-06-26 00:00:00+01:00 -> 2024-07-27 23:51:05+01:00
2024-07-28 04:35:38,613 DEBUG:GBPUSD=X: OHLC after combining events: 2024-06-26 00:00:00+01:00 -> 2024-07-27 00:00:00+01:00
2024-07-28 04:35:38,614 DEBUG:GBPUSD=X: yfinance returning OHLC: 2024-06-26 00:00:00+01:00 -> 2024-07-27 00:00:00+01:00
2024-07-28 04:35:38,614 DEBUG:  Exiting history()
2024-07-28 04:35:38,614 DEBUG: Exiting history()
2024-07-28 04:35:38,614 DEBUG: Entering history()
2024-07-28 04:35:38,614 DEBUG:('SELECT "t1"."key", "t1"."value" FROM "_kv" AS "t1" WHERE ("t1"."key" = ?) LIMIT ? OFFSET ?', ['USDJPY=X', 1, 0])
2024-07-28 04:35:38,614 DEBUG:  Entering history()
2024-07-28 04:35:38,614 DEBUG:USDJPY=X: Yahoo GET parameters: {'range': '1mo', 'interval': '1d', 'includePrePost': False, 'events': 'div,splits,capitalGains'}
2024-07-28 04:35:38,614 DEBUG:   Entering get()
2024-07-28 04:35:38,614 DEBUG:url=https://query2.finance.yahoo.com/v8/finance/chart/USDJPY=X
2024-07-28 04:35:38,614 DEBUG:params={'range': '1mo', 'interval': '1d', 'includePrePost': False, 'events': 'div,splits,capitalGains'}
2024-07-28 04:35:38,614 DEBUG:    Entering _get_cookie_and_crumb()
2024-07-28 04:35:38,614 DEBUG:cookie_mode = 'basic'
2024-07-28 04:35:38,614 DEBUG:     Entering _get_cookie_and_crumb_basic()
2024-07-28 04:35:38,614 DEBUG:reusing cookie
2024-07-28 04:35:38,615 DEBUG:reusing crumb
2024-07-28 04:35:38,615 DEBUG:     Exiting _get_cookie_and_crumb_basic()
2024-07-28 04:35:38,615 DEBUG:    Exiting _get_cookie_and_crumb()
2024-07-28 04:35:38,655 DEBUG:https://query2.finance.yahoo.com:443 "GET /v8/finance/chart/USDJPY=X?range=1mo&interval=1d&includePrePost=False&events=div%2Csplits%2CcapitalGains&crumb=ugxiv6L7VQC HTTP/11" 200 1210
2024-07-28 04:35:38,655 DEBUG:response code=200
2024-07-28 04:35:38,655 DEBUG:   Exiting get()
2024-07-28 04:35:38,656 DEBUG:USDJPY=X: yfinance received OHLC data: 2024-06-25 23:00:00 -> 2024-07-26 20:59:59
2024-07-28 04:35:38,656 DEBUG:USDJPY=X: OHLC after cleaning: 2024-06-26 00:00:00+01:00 -> 2024-07-26 21:59:59+01:00
2024-07-28 04:35:38,657 DEBUG:USDJPY=X: OHLC after combining events: 2024-06-26 00:00:00+01:00 -> 2024-07-26 00:00:00+01:00
2024-07-28 04:35:38,658 DEBUG:USDJPY=X: yfinance returning OHLC: 2024-06-26 00:00:00+01:00 -> 2024-07-26 00:00:00+01:00
2024-07-28 04:35:38,658 DEBUG:  Exiting history()
2024-07-28 04:35:38,658 DEBUG: Exiting history()
2024-07-28 04:35:38,658 DEBUG: Entering history()
2024-07-28 04:35:38,659 DEBUG:('SELECT "t1"."key", "t1"."value" FROM "_kv" AS "t1" WHERE ("t1"."key" = ?) LIMIT ? OFFSET ?', ['USDCAD=X', 1, 0])
2024-07-28 04:35:38,659 DEBUG:  Entering history()
2024-07-28 04:35:38,659 DEBUG:USDCAD=X: Yahoo GET parameters: {'range': '1mo', 'interval': '1d', 'includePrePost': False, 'events': 'div,splits,capitalGains'}
2024-07-28 04:35:38,659 DEBUG:   Entering get()
2024-07-28 04:35:38,659 DEBUG:url=https://query2.finance.yahoo.com/v8/finance/chart/USDCAD=X
2024-07-28 04:35:38,659 DEBUG:params={'range': '1mo', 'interval': '1d', 'includePrePost': False, 'events': 'div,splits,capitalGains'}
2024-07-28 04:35:38,659 DEBUG:    Entering _get_cookie_and_crumb()
2024-07-28 04:35:38,659 DEBUG:cookie_mode = 'basic'
2024-07-28 04:35:38,659 DEBUG:     Entering _get_cookie_and_crumb_basic()
2024-07-28 04:35:38,659 DEBUG:reusing cookie
2024-07-28 04:35:38,659 DEBUG:reusing crumb
2024-07-28 04:35:38,659 DEBUG:     Exiting _get_cookie_and_crumb_basic()
2024-07-28 04:35:38,659 DEBUG:    Exiting _get_cookie_and_crumb()
2024-07-28 04:35:38,695 DEBUG:https://query2.finance.yahoo.com:443 "GET /v8/finance/chart/USDCAD=X?range=1mo&interval=1d&includePrePost=False&events=div%2Csplits%2CcapitalGains&crumb=ugxiv6L7VQC HTTP/11" 200 1216
2024-07-28 04:35:38,695 DEBUG:response code=200
2024-07-28 04:35:38,695 DEBUG:   Exiting get()
2024-07-28 04:35:38,695 DEBUG:USDCAD=X: yfinance received OHLC data: 2024-06-25 23:00:00 -> 2024-07-27 04:21:13
2024-07-28 04:35:38,696 DEBUG:USDCAD=X: OHLC after cleaning: 2024-06-26 00:00:00+01:00 -> 2024-07-27 05:21:13+01:00
2024-07-28 04:35:38,697 DEBUG:USDCAD=X: OHLC after combining events: 2024-06-26 00:00:00+01:00 -> 2024-07-27 00:00:00+01:00
2024-07-28 04:35:38,698 DEBUG:USDCAD=X: yfinance returning OHLC: 2024-06-26 00:00:00+01:00 -> 2024-07-27 00:00:00+01:00
2024-07-28 04:35:38,698 DEBUG:  Exiting history()
2024-07-28 04:35:38,698 DEBUG: Exiting history()
2024-07-28 04:35:38,698 DEBUG: Entering history()
2024-07-28 04:35:38,698 DEBUG:('SELECT "t1"."key", "t1"."value" FROM "_kv" AS "t1" WHERE ("t1"."key" = ?) LIMIT ? OFFSET ?', ['AUDUSD=X', 1, 0])
2024-07-28 04:35:38,698 DEBUG:  Entering history()
2024-07-28 04:35:38,698 DEBUG:AUDUSD=X: Yahoo GET parameters: {'range': '1mo', 'interval': '1d', 'includePrePost': False, 'events': 'div,splits,capitalGains'}
2024-07-28 04:35:38,698 DEBUG:   Entering get()
2024-07-28 04:35:38,698 DEBUG:url=https://query2.finance.yahoo.com/v8/finance/chart/AUDUSD=X
2024-07-28 04:35:38,698 DEBUG:params={'range': '1mo', 'interval': '1d', 'includePrePost': False, 'events': 'div,splits,capitalGains'}
2024-07-28 04:35:38,698 DEBUG:    Entering _get_cookie_and_crumb()
2024-07-28 04:35:38,698 DEBUG:cookie_mode = 'basic'
2024-07-28 04:35:38,698 DEBUG:     Entering _get_cookie_and_crumb_basic()
2024-07-28 04:35:38,699 DEBUG:reusing cookie
2024-07-28 04:35:38,699 DEBUG:reusing crumb
2024-07-28 04:35:38,699 DEBUG:     Exiting _get_cookie_and_crumb_basic()
2024-07-28 04:35:38,699 DEBUG:    Exiting _get_cookie_and_crumb()
2024-07-28 04:35:38,738 DEBUG:https://query2.finance.yahoo.com:443 "GET /v8/finance/chart/AUDUSD=X?range=1mo&interval=1d&includePrePost=False&events=div%2Csplits%2CcapitalGains&crumb=ugxiv6L7VQC HTTP/11" 200 1254
2024-07-28 04:35:38,738 DEBUG:response code=200
2024-07-28 04:35:38,738 DEBUG:   Exiting get()
2024-07-28 04:35:38,739 DEBUG:AUDUSD=X: yfinance received OHLC data: 2024-06-25 23:00:00 -> 2024-07-27 04:51:08
2024-07-28 04:35:38,740 DEBUG:AUDUSD=X: OHLC after cleaning: 2024-06-26 00:00:00+01:00 -> 2024-07-27 05:51:08+01:00
2024-07-28 04:35:38,742 DEBUG:AUDUSD=X: OHLC after combining events: 2024-06-26 00:00:00+01:00 -> 2024-07-27 00:00:00+01:00
2024-07-28 04:35:38,744 DEBUG:AUDUSD=X: yfinance returning OHLC: 2024-06-26 00:00:00+01:00 -> 2024-07-27 00:00:00+01:00
2024-07-28 04:35:38,744 DEBUG:  Exiting history()
2024-07-28 04:35:38,744 DEBUG: Exiting history()
2024-07-28 04:35:38,744 DEBUG: Entering history()
2024-07-28 04:35:38,744 DEBUG:('SELECT "t1"."key", "t1"."value" FROM "_kv" AS "t1" WHERE ("t1"."key" = ?) LIMIT ? OFFSET ?', ['EURUSD=X', 1, 0])
2024-07-28 04:35:38,744 DEBUG:  Entering history()
2024-07-28 04:35:38,744 DEBUG:EURUSD=X: Yahoo GET parameters: {'range': '1mo', 'interval': '1d', 'includePrePost': False, 'events': 'div,splits,capitalGains'}
2024-07-28 04:35:38,744 DEBUG:   Entering get()
2024-07-28 04:35:38,744 DEBUG:url=https://query2.finance.yahoo.com/v8/finance/chart/EURUSD=X
2024-07-28 04:35:38,744 DEBUG:params={'range': '1mo', 'interval': '1d', 'includePrePost': False, 'events': 'div,splits,capitalGains'}
2024-07-28 04:35:38,744 DEBUG:    Entering _get_cookie_and_crumb()
2024-07-28 04:35:38,744 DEBUG:cookie_mode = 'basic'
2024-07-28 04:35:38,744 DEBUG:     Entering _get_cookie_and_crumb_basic()
2024-07-28 04:35:38,744 DEBUG:reusing cookie
2024-07-28 04:35:38,744 DEBUG:reusing crumb
2024-07-28 04:35:38,744 DEBUG:     Exiting _get_cookie_and_crumb_basic()
2024-07-28 04:35:38,744 DEBUG:    Exiting _get_cookie_and_crumb()
2024-07-28 04:35:38,787 DEBUG:https://query2.finance.yahoo.com:443 "GET /v8/finance/chart/EURUSD=X?range=1mo&interval=1d&includePrePost=False&events=div%2Csplits%2CcapitalGains&crumb=ugxiv6L7VQC HTTP/11" 200 1267
2024-07-28 04:35:38,787 DEBUG:response code=200
2024-07-28 04:35:38,787 DEBUG:   Exiting get()
2024-07-28 04:35:38,788 DEBUG:EURUSD=X: yfinance received OHLC data: 2024-06-25 23:00:00 -> 2024-07-26 21:29:06
2024-07-28 04:35:38,790 DEBUG:EURUSD=X: OHLC after cleaning: 2024-06-26 00:00:00+01:00 -> 2024-07-26 22:29:06+01:00
2024-07-28 04:35:38,792 DEBUG:EURUSD=X: OHLC after combining events: 2024-06-26 00:00:00+01:00 -> 2024-07-26 00:00:00+01:00
2024-07-28 04:35:38,794 DEBUG:EURUSD=X: yfinance returning OHLC: 2024-06-26 00:00:00+01:00 -> 2024-07-26 00:00:00+01:00
2024-07-28 04:35:38,794 DEBUG:  Exiting history()
2024-07-28 04:35:38,794 DEBUG: Exiting history()
2024-07-28 04:35:38,797 DEBUG:Exiting download()
2024-07-28 04:35:38,797 INFO:Data fetched successfully
2024-07-28 04:35:38,797 INFO:Calculating top movers
2024-07-28 04:35:38,801 INFO:Top movers calculated successfully
2024-07-28 04:35:38,891 INFO:Results successfully written to file: trade.txt
2024-07-28 04:35:38,891 INFO:Script completed successfully
